CRITICAL - 2022-07-26 12:53:52 --> Access level to App\Controllers\LoginCompany::$db must be protected (as in class App\Controllers\BaseController) or weaker
#0 [internal function]: CodeIgniter\Debug\Exceptions->shutdownHandler()
#1 {main}
CRITICAL - 2022-07-26 12:54:08 --> Access level to App\Controllers\LoginCompany::$db must be protected (as in class App\Controllers\BaseController) or weaker
#0 [internal function]: CodeIgniter\Debug\Exceptions->shutdownHandler()
#1 {main}
ERROR - 2022-07-26 13:15:02 --> Illegal parameter data types varchar and row for operation '='
CRITICAL - 2022-07-26 13:15:02 --> Illegal parameter data types varchar and row for operation '='
#0 C:\xampp\htdocs\Job Portal\system\Database\MySQLi\Connection.php(292): mysqli->query('SELECT *\nFROM `...', 0)
#1 C:\xampp\htdocs\Job Portal\system\Database\BaseConnection.php(670): CodeIgniter\Database\MySQLi\Connection->execute('SELECT *\nFROM `...')
#2 C:\xampp\htdocs\Job Portal\system\Database\BaseConnection.php(598): CodeIgniter\Database\BaseConnection->simpleQuery('SELECT *\nFROM `...')
#3 C:\xampp\htdocs\Job Portal\system\Database\BaseBuilder.php(1455): CodeIgniter\Database\BaseConnection->query('SELECT *\nFROM `...', Array, false)
#4 C:\xampp\htdocs\Job Portal\system\Model.php(210): CodeIgniter\Database\BaseBuilder->get()
#5 C:\xampp\htdocs\Job Portal\system\BaseModel.php(622): CodeIgniter\Model->doFirst()
#6 C:\xampp\htdocs\Job Portal\app\Validation\getEmail.php(9): CodeIgniter\BaseModel->first()
#7 C:\xampp\htdocs\Job Portal\system\Validation\Validation.php(292): App\Validation\getEmail->email_company('111201912190@mh...', 'email', Array, NULL)
#8 C:\xampp\htdocs\Job Portal\system\Validation\Validation.php(157): CodeIgniter\Validation\Validation->processRules('email', 'Email', '111201912190@mh...', Array, Array)
#9 C:\xampp\htdocs\Job Portal\app\Controllers\LoginCompany.php(51): CodeIgniter\Validation\Validation->run()
#10 C:\xampp\htdocs\Job Portal\system\CodeIgniter.php(825): App\Controllers\LoginCompany->loginCompany()
#11 C:\xampp\htdocs\Job Portal\system\CodeIgniter.php(412): CodeIgniter\CodeIgniter->runController(Object(App\Controllers\LoginCompany))
#12 C:\xampp\htdocs\Job Portal\system\CodeIgniter.php(320): CodeIgniter\CodeIgniter->handleRequest(NULL, Object(Config\Cache), false)
#13 C:\xampp\htdocs\Job Portal\public\index.php(37): CodeIgniter\CodeIgniter->run()
#14 C:\xampp\htdocs\Job Portal\system\Commands\Server\rewrite.php(43): require_once('C:\\xampp\\htdocs...')
#15 {main}
