CRITICAL - 2022-04-10 21:29:25 --> mkdir(): No such file or directory
#0 [internal function]: CodeIgniter\Debug\Exceptions->errorHandler(2, 'mkdir(): No suc...', 'C:\\xampp\\htdocs...', 176, Array)
#1 C:\xampp\htdocs\Job Portal\system\HTTP\Files\UploadedFile.php(176): mkdir('C:\\xampp\\htdocs...', 511, true)
#2 C:\xampp\htdocs\Job Portal\system\HTTP\Files\UploadedFile.php(130): CodeIgniter\HTTP\Files\UploadedFile->setPath('C:\\xampp\\htdocs...')
#3 C:\xampp\htdocs\Job Portal\system\HTTP\Files\UploadedFile.php(341): CodeIgniter\HTTP\Files\UploadedFile->move('C:\\xampp\\htdocs...', 'Image - 1649600...')
#4 C:\xampp\htdocs\Job Portal\app\Controllers\RegistrationUser.php(94): CodeIgniter\HTTP\Files\UploadedFile->store('http://localhos...', 'Image - 1649600...')
#5 C:\xampp\htdocs\Job Portal\system\CodeIgniter.php(825): App\Controllers\RegistrationUser->signupUser()
#6 C:\xampp\htdocs\Job Portal\system\CodeIgniter.php(412): CodeIgniter\CodeIgniter->runController(Object(App\Controllers\RegistrationUser))
#7 C:\xampp\htdocs\Job Portal\system\CodeIgniter.php(320): CodeIgniter\CodeIgniter->handleRequest(NULL, Object(Config\Cache), false)
#8 C:\xampp\htdocs\Job Portal\public\index.php(37): CodeIgniter\CodeIgniter->run()
#9 C:\xampp\htdocs\Job Portal\system\Commands\Server\rewrite.php(43): require_once('C:\\xampp\\htdocs...')
#10 {main}
CRITICAL - 2022-04-10 21:45:16 --> mkdir(): No such file or directory
#0 [internal function]: CodeIgniter\Debug\Exceptions->errorHandler(2, 'mkdir(): No suc...', 'C:\\xampp\\htdocs...', 176, Array)
#1 C:\xampp\htdocs\Job Portal\system\HTTP\Files\UploadedFile.php(176): mkdir('img/user_profil...', 511, true)
#2 C:\xampp\htdocs\Job Portal\system\HTTP\Files\UploadedFile.php(130): CodeIgniter\HTTP\Files\UploadedFile->setPath('img/user_profil...')
#3 C:\xampp\htdocs\Job Portal\app\Controllers\RegistrationUser.php(96): CodeIgniter\HTTP\Files\UploadedFile->move('img/user_profil...', '1649601916_ba4d...')
#4 C:\xampp\htdocs\Job Portal\system\CodeIgniter.php(825): App\Controllers\RegistrationUser->signupUser()
#5 C:\xampp\htdocs\Job Portal\system\CodeIgniter.php(412): CodeIgniter\CodeIgniter->runController(Object(App\Controllers\RegistrationUser))
#6 C:\xampp\htdocs\Job Portal\system\CodeIgniter.php(320): CodeIgniter\CodeIgniter->handleRequest(NULL, Object(Config\Cache), false)
#7 C:\xampp\htdocs\Job Portal\public\index.php(37): CodeIgniter\CodeIgniter->run()
#8 C:\xampp\htdocs\Job Portal\system\Commands\Server\rewrite.php(43): require_once('C:\\xampp\\htdocs...')
#9 {main}
CRITICAL - 2022-04-10 21:45:35 --> mkdir(): No such file or directory
#0 [internal function]: CodeIgniter\Debug\Exceptions->errorHandler(2, 'mkdir(): No suc...', 'C:\\xampp\\htdocs...', 176, Array)
#1 C:\xampp\htdocs\Job Portal\system\HTTP\Files\UploadedFile.php(176): mkdir('img/user_profil...', 511, true)
#2 C:\xampp\htdocs\Job Portal\system\HTTP\Files\UploadedFile.php(130): CodeIgniter\HTTP\Files\UploadedFile->setPath('img/user_profil...')
#3 C:\xampp\htdocs\Job Portal\app\Controllers\RegistrationUser.php(96): CodeIgniter\HTTP\Files\UploadedFile->move('img/user_profil...', '1649601935_56d8...')
#4 C:\xampp\htdocs\Job Portal\system\CodeIgniter.php(825): App\Controllers\RegistrationUser->signupUser()
#5 C:\xampp\htdocs\Job Portal\system\CodeIgniter.php(412): CodeIgniter\CodeIgniter->runController(Object(App\Controllers\RegistrationUser))
#6 C:\xampp\htdocs\Job Portal\system\CodeIgniter.php(320): CodeIgniter\CodeIgniter->handleRequest(NULL, Object(Config\Cache), false)
#7 C:\xampp\htdocs\Job Portal\public\index.php(37): CodeIgniter\CodeIgniter->run()
#8 C:\xampp\htdocs\Job Portal\system\Commands\Server\rewrite.php(43): require_once('C:\\xampp\\htdocs...')
#9 {main}
CRITICAL - 2022-04-10 21:45:49 --> mkdir(): No such file or directory
#0 [internal function]: CodeIgniter\Debug\Exceptions->errorHandler(2, 'mkdir(): No suc...', 'C:\\xampp\\htdocs...', 176, Array)
#1 C:\xampp\htdocs\Job Portal\system\HTTP\Files\UploadedFile.php(176): mkdir('img/user_profil...', 511, true)
#2 C:\xampp\htdocs\Job Portal\system\HTTP\Files\UploadedFile.php(130): CodeIgniter\HTTP\Files\UploadedFile->setPath('img/user_profil...')
#3 C:\xampp\htdocs\Job Portal\app\Controllers\RegistrationUser.php(96): CodeIgniter\HTTP\Files\UploadedFile->move('img/user_profil...', '1649601949_e5cf...')
#4 C:\xampp\htdocs\Job Portal\system\CodeIgniter.php(825): App\Controllers\RegistrationUser->signupUser()
#5 C:\xampp\htdocs\Job Portal\system\CodeIgniter.php(412): CodeIgniter\CodeIgniter->runController(Object(App\Controllers\RegistrationUser))
#6 C:\xampp\htdocs\Job Portal\system\CodeIgniter.php(320): CodeIgniter\CodeIgniter->handleRequest(NULL, Object(Config\Cache), false)
#7 C:\xampp\htdocs\Job Portal\public\index.php(37): CodeIgniter\CodeIgniter->run()
#8 C:\xampp\htdocs\Job Portal\system\Commands\Server\rewrite.php(43): require_once('C:\\xampp\\htdocs...')
#9 {main}
CRITICAL - 2022-04-10 21:46:16 --> mkdir(): No such file or directory
#0 [internal function]: CodeIgniter\Debug\Exceptions->errorHandler(2, 'mkdir(): No suc...', 'C:\\xampp\\htdocs...', 176, Array)
#1 C:\xampp\htdocs\Job Portal\system\HTTP\Files\UploadedFile.php(176): mkdir('img/2022-04-10 ...', 511, true)
#2 C:\xampp\htdocs\Job Portal\system\HTTP\Files\UploadedFile.php(130): CodeIgniter\HTTP\Files\UploadedFile->setPath('img/2022-04-10 ...')
#3 C:\xampp\htdocs\Job Portal\app\Controllers\RegistrationUser.php(96): CodeIgniter\HTTP\Files\UploadedFile->move('img/2022-04-10 ...', '1649601976_4aa7...')
#4 C:\xampp\htdocs\Job Portal\system\CodeIgniter.php(825): App\Controllers\RegistrationUser->signupUser()
#5 C:\xampp\htdocs\Job Portal\system\CodeIgniter.php(412): CodeIgniter\CodeIgniter->runController(Object(App\Controllers\RegistrationUser))
#6 C:\xampp\htdocs\Job Portal\system\CodeIgniter.php(320): CodeIgniter\CodeIgniter->handleRequest(NULL, Object(Config\Cache), false)
#7 C:\xampp\htdocs\Job Portal\public\index.php(37): CodeIgniter\CodeIgniter->run()
#8 C:\xampp\htdocs\Job Portal\system\Commands\Server\rewrite.php(43): require_once('C:\\xampp\\htdocs...')
#9 {main}
CRITICAL - 2022-04-10 21:50:03 --> mkdir(): No such file or directory
#0 [internal function]: CodeIgniter\Debug\Exceptions->errorHandler(2, 'mkdir(): No suc...', 'C:\\xampp\\htdocs...', 176, Array)
#1 C:\xampp\htdocs\Job Portal\system\HTTP\Files\UploadedFile.php(176): mkdir('img/user_profil...', 511, true)
#2 C:\xampp\htdocs\Job Portal\system\HTTP\Files\UploadedFile.php(130): CodeIgniter\HTTP\Files\UploadedFile->setPath('img/user_profil...')
#3 C:\xampp\htdocs\Job Portal\app\Controllers\RegistrationUser.php(97): CodeIgniter\HTTP\Files\UploadedFile->move('img/user_profil...', '1649602203_6d3f...')
#4 C:\xampp\htdocs\Job Portal\system\CodeIgniter.php(825): App\Controllers\RegistrationUser->signupUser()
#5 C:\xampp\htdocs\Job Portal\system\CodeIgniter.php(412): CodeIgniter\CodeIgniter->runController(Object(App\Controllers\RegistrationUser))
#6 C:\xampp\htdocs\Job Portal\system\CodeIgniter.php(320): CodeIgniter\CodeIgniter->handleRequest(NULL, Object(Config\Cache), false)
#7 C:\xampp\htdocs\Job Portal\public\index.php(37): CodeIgniter\CodeIgniter->run()
#8 C:\xampp\htdocs\Job Portal\system\Commands\Server\rewrite.php(43): require_once('C:\\xampp\\htdocs...')
#9 {main}
CRITICAL - 2022-04-10 21:51:29 --> mkdir(): No such file or directory
#0 [internal function]: CodeIgniter\Debug\Exceptions->errorHandler(2, 'mkdir(): No suc...', 'C:\\xampp\\htdocs...', 176, Array)
#1 C:\xampp\htdocs\Job Portal\system\HTTP\Files\UploadedFile.php(176): mkdir('img/user_profil...', 511, true)
#2 C:\xampp\htdocs\Job Portal\system\HTTP\Files\UploadedFile.php(130): CodeIgniter\HTTP\Files\UploadedFile->setPath('img/user_profil...')
#3 C:\xampp\htdocs\Job Portal\app\Controllers\RegistrationUser.php(97): CodeIgniter\HTTP\Files\UploadedFile->move('img/user_profil...', '1649602289_32bb...')
#4 C:\xampp\htdocs\Job Portal\system\CodeIgniter.php(825): App\Controllers\RegistrationUser->signupUser()
#5 C:\xampp\htdocs\Job Portal\system\CodeIgniter.php(412): CodeIgniter\CodeIgniter->runController(Object(App\Controllers\RegistrationUser))
#6 C:\xampp\htdocs\Job Portal\system\CodeIgniter.php(320): CodeIgniter\CodeIgniter->handleRequest(NULL, Object(Config\Cache), false)
#7 C:\xampp\htdocs\Job Portal\public\index.php(37): CodeIgniter\CodeIgniter->run()
#8 C:\xampp\htdocs\Job Portal\system\Commands\Server\rewrite.php(43): require_once('C:\\xampp\\htdocs...')
#9 {main}
CRITICAL - 2022-04-10 21:52:38 --> mkdir(): No such file or directory
#0 [internal function]: CodeIgniter\Debug\Exceptions->errorHandler(2, 'mkdir(): No suc...', 'C:\\xampp\\htdocs...', 176, Array)
#1 C:\xampp\htdocs\Job Portal\system\HTTP\Files\UploadedFile.php(176): mkdir('img/user_profil...', 511, true)
#2 C:\xampp\htdocs\Job Portal\system\HTTP\Files\UploadedFile.php(130): CodeIgniter\HTTP\Files\UploadedFile->setPath('img/user_profil...')
#3 C:\xampp\htdocs\Job Portal\app\Controllers\RegistrationUser.php(96): CodeIgniter\HTTP\Files\UploadedFile->move('img/user_profil...', '1649602358_2c13...')
#4 C:\xampp\htdocs\Job Portal\system\CodeIgniter.php(825): App\Controllers\RegistrationUser->signupUser()
#5 C:\xampp\htdocs\Job Portal\system\CodeIgniter.php(412): CodeIgniter\CodeIgniter->runController(Object(App\Controllers\RegistrationUser))
#6 C:\xampp\htdocs\Job Portal\system\CodeIgniter.php(320): CodeIgniter\CodeIgniter->handleRequest(NULL, Object(Config\Cache), false)
#7 C:\xampp\htdocs\Job Portal\public\index.php(37): CodeIgniter\CodeIgniter->run()
#8 C:\xampp\htdocs\Job Portal\system\Commands\Server\rewrite.php(43): require_once('C:\\xampp\\htdocs...')
#9 {main}
