CRITICAL - 2022-06-05 11:22:37 --> Array to string conversion
#0 C:\xampp\htdocs\Job Portal\app\Views\DashboardUser\ProfileUser\ResumeView.php(14): CodeIgniter\Debug\Exceptions->errorHandler(8, 'Array to string...', 'C:\\xampp\\htdocs...', 14, Array)
#1 C:\xampp\htdocs\Job Portal\system\View\View.php(210): include('C:\\xampp\\htdocs...')
#2 C:\xampp\htdocs\Job Portal\system\View\View.php(213): CodeIgniter\View\View->CodeIgniter\View\{closure}()
#3 C:\xampp\htdocs\Job Portal\system\Common.php(1089): CodeIgniter\View\View->render('DashboardUser/P...', Array, true)
#4 C:\xampp\htdocs\Job Portal\app\Controllers\UserDashboard.php(45): view('DashboardUser/P...', Array)
#5 C:\xampp\htdocs\Job Portal\system\CodeIgniter.php(825): App\Controllers\UserDashboard->resumeCV()
#6 C:\xampp\htdocs\Job Portal\system\CodeIgniter.php(412): CodeIgniter\CodeIgniter->runController(Object(App\Controllers\UserDashboard))
#7 C:\xampp\htdocs\Job Portal\system\CodeIgniter.php(320): CodeIgniter\CodeIgniter->handleRequest(NULL, Object(Config\Cache), false)
#8 C:\xampp\htdocs\Job Portal\public\index.php(37): CodeIgniter\CodeIgniter->run()
#9 C:\xampp\htdocs\Job Portal\system\Commands\Server\rewrite.php(43): require_once('C:\\xampp\\htdocs...')
#10 {main}
CRITICAL - 2022-06-05 11:39:03 --> Access level to App\Controllers\UserDashboard::$db must be protected (as in class App\Controllers\BaseController) or weaker
#0 [internal function]: CodeIgniter\Debug\Exceptions->shutdownHandler()
#1 {main}
CRITICAL - 2022-06-05 11:39:24 --> Access level to App\Controllers\UserDashboard::$db must be protected (as in class App\Controllers\BaseController) or weaker
#0 [internal function]: CodeIgniter\Debug\Exceptions->shutdownHandler()
#1 {main}
ERROR - 2022-06-05 11:57:38 --> Duplicate entry '' for key 'idUser'
CRITICAL - 2022-06-05 11:57:38 --> Duplicate entry '' for key 'idUser'
#0 C:\xampp\htdocs\Job Portal\system\Database\MySQLi\Connection.php(292): mysqli->query('INSERT INTO `re...', 0)
#1 C:\xampp\htdocs\Job Portal\system\Database\BaseConnection.php(670): CodeIgniter\Database\MySQLi\Connection->execute('INSERT INTO `re...')
#2 C:\xampp\htdocs\Job Portal\system\Database\BaseConnection.php(598): CodeIgniter\Database\BaseConnection->simpleQuery('INSERT INTO `re...')
#3 C:\xampp\htdocs\Job Portal\system\Database\BaseBuilder.php(1771): CodeIgniter\Database\BaseConnection->query('INSERT INTO `re...', Array, false)
#4 C:\xampp\htdocs\Job Portal\system\Model.php(239): CodeIgniter\Database\BaseBuilder->insert()
#5 C:\xampp\htdocs\Job Portal\system\BaseModel.php(738): CodeIgniter\Model->doInsert(Array)
#6 C:\xampp\htdocs\Job Portal\system\Model.php(625): CodeIgniter\BaseModel->insert(Array, true)
#7 C:\xampp\htdocs\Job Portal\app\Controllers\UserDashboard.php(84): CodeIgniter\Model->insert(Array)
#8 C:\xampp\htdocs\Job Portal\system\CodeIgniter.php(825): App\Controllers\UserDashboard->uploadCV()
#9 C:\xampp\htdocs\Job Portal\system\CodeIgniter.php(412): CodeIgniter\CodeIgniter->runController(Object(App\Controllers\UserDashboard))
#10 C:\xampp\htdocs\Job Portal\system\CodeIgniter.php(320): CodeIgniter\CodeIgniter->handleRequest(NULL, Object(Config\Cache), false)
#11 C:\xampp\htdocs\Job Portal\public\index.php(37): CodeIgniter\CodeIgniter->run()
#12 C:\xampp\htdocs\Job Portal\system\Commands\Server\rewrite.php(43): require_once('C:\\xampp\\htdocs...')
#13 {main}
ERROR - 2022-06-05 11:59:44 --> Duplicate entry '' for key 'idUser'
CRITICAL - 2022-06-05 11:59:44 --> Duplicate entry '' for key 'idUser'
#0 C:\xampp\htdocs\Job Portal\system\Database\MySQLi\Connection.php(292): mysqli->query('INSERT INTO `re...', 0)
#1 C:\xampp\htdocs\Job Portal\system\Database\BaseConnection.php(670): CodeIgniter\Database\MySQLi\Connection->execute('INSERT INTO `re...')
#2 C:\xampp\htdocs\Job Portal\system\Database\BaseConnection.php(598): CodeIgniter\Database\BaseConnection->simpleQuery('INSERT INTO `re...')
#3 C:\xampp\htdocs\Job Portal\system\Database\BaseBuilder.php(1771): CodeIgniter\Database\BaseConnection->query('INSERT INTO `re...', Array, false)
#4 C:\xampp\htdocs\Job Portal\system\Model.php(239): CodeIgniter\Database\BaseBuilder->insert()
#5 C:\xampp\htdocs\Job Portal\system\BaseModel.php(738): CodeIgniter\Model->doInsert(Array)
#6 C:\xampp\htdocs\Job Portal\system\Model.php(625): CodeIgniter\BaseModel->insert(Array, true)
#7 C:\xampp\htdocs\Job Portal\app\Controllers\UserDashboard.php(83): CodeIgniter\Model->insert(Array)
#8 C:\xampp\htdocs\Job Portal\system\CodeIgniter.php(825): App\Controllers\UserDashboard->uploadCV()
#9 C:\xampp\htdocs\Job Portal\system\CodeIgniter.php(412): CodeIgniter\CodeIgniter->runController(Object(App\Controllers\UserDashboard))
#10 C:\xampp\htdocs\Job Portal\system\CodeIgniter.php(320): CodeIgniter\CodeIgniter->handleRequest(NULL, Object(Config\Cache), false)
#11 C:\xampp\htdocs\Job Portal\public\index.php(37): CodeIgniter\CodeIgniter->run()
#12 C:\xampp\htdocs\Job Portal\system\Commands\Server\rewrite.php(43): require_once('C:\\xampp\\htdocs...')
#13 {main}
ERROR - 2022-06-05 12:10:28 --> Duplicate entry 'USER - 6252f211c78cd' for key 'idUser'
CRITICAL - 2022-06-05 12:10:28 --> Duplicate entry 'USER - 6252f211c78cd' for key 'idUser'
#0 C:\xampp\htdocs\Job Portal\system\Database\MySQLi\Connection.php(292): mysqli->query('INSERT INTO `re...', 0)
#1 C:\xampp\htdocs\Job Portal\system\Database\BaseConnection.php(670): CodeIgniter\Database\MySQLi\Connection->execute('INSERT INTO `re...')
#2 C:\xampp\htdocs\Job Portal\system\Database\BaseConnection.php(598): CodeIgniter\Database\BaseConnection->simpleQuery('INSERT INTO `re...')
#3 C:\xampp\htdocs\Job Portal\system\Database\BaseBuilder.php(1771): CodeIgniter\Database\BaseConnection->query('INSERT INTO `re...', Array, false)
#4 C:\xampp\htdocs\Job Portal\system\Model.php(239): CodeIgniter\Database\BaseBuilder->insert()
#5 C:\xampp\htdocs\Job Portal\system\BaseModel.php(738): CodeIgniter\Model->doInsert(Array)
#6 C:\xampp\htdocs\Job Portal\system\Model.php(625): CodeIgniter\BaseModel->insert(Array, true)
#7 C:\xampp\htdocs\Job Portal\app\Controllers\UserDashboard.php(83): CodeIgniter\Model->insert(Array)
#8 C:\xampp\htdocs\Job Portal\system\CodeIgniter.php(825): App\Controllers\UserDashboard->uploadCV()
#9 C:\xampp\htdocs\Job Portal\system\CodeIgniter.php(412): CodeIgniter\CodeIgniter->runController(Object(App\Controllers\UserDashboard))
#10 C:\xampp\htdocs\Job Portal\system\CodeIgniter.php(320): CodeIgniter\CodeIgniter->handleRequest(NULL, Object(Config\Cache), false)
#11 C:\xampp\htdocs\Job Portal\public\index.php(37): CodeIgniter\CodeIgniter->run()
#12 C:\xampp\htdocs\Job Portal\system\Commands\Server\rewrite.php(43): require_once('C:\\xampp\\htdocs...')
#13 {main}
ERROR - 2022-06-05 12:11:05 --> Duplicate entry 'USER - 6252f211c78cd' for key 'idUser'
CRITICAL - 2022-06-05 12:11:05 --> Duplicate entry 'USER - 6252f211c78cd' for key 'idUser'
#0 C:\xampp\htdocs\Job Portal\system\Database\MySQLi\Connection.php(292): mysqli->query('INSERT INTO `re...', 0)
#1 C:\xampp\htdocs\Job Portal\system\Database\BaseConnection.php(670): CodeIgniter\Database\MySQLi\Connection->execute('INSERT INTO `re...')
#2 C:\xampp\htdocs\Job Portal\system\Database\BaseConnection.php(598): CodeIgniter\Database\BaseConnection->simpleQuery('INSERT INTO `re...')
#3 C:\xampp\htdocs\Job Portal\system\Database\BaseBuilder.php(1771): CodeIgniter\Database\BaseConnection->query('INSERT INTO `re...', Array, false)
#4 C:\xampp\htdocs\Job Portal\system\Model.php(239): CodeIgniter\Database\BaseBuilder->insert()
#5 C:\xampp\htdocs\Job Portal\system\BaseModel.php(738): CodeIgniter\Model->doInsert(Array)
#6 C:\xampp\htdocs\Job Portal\system\Model.php(625): CodeIgniter\BaseModel->insert(Array, true)
#7 C:\xampp\htdocs\Job Portal\app\Controllers\UserDashboard.php(83): CodeIgniter\Model->insert(Array)
#8 C:\xampp\htdocs\Job Portal\system\CodeIgniter.php(825): App\Controllers\UserDashboard->uploadCV()
#9 C:\xampp\htdocs\Job Portal\system\CodeIgniter.php(412): CodeIgniter\CodeIgniter->runController(Object(App\Controllers\UserDashboard))
#10 C:\xampp\htdocs\Job Portal\system\CodeIgniter.php(320): CodeIgniter\CodeIgniter->handleRequest(NULL, Object(Config\Cache), false)
#11 C:\xampp\htdocs\Job Portal\public\index.php(37): CodeIgniter\CodeIgniter->run()
#12 C:\xampp\htdocs\Job Portal\system\Commands\Server\rewrite.php(43): require_once('C:\\xampp\\htdocs...')
#13 {main}
ERROR - 2022-06-05 12:11:44 --> Duplicate entry 'USER - 6252f211c78cd' for key 'idUser'
CRITICAL - 2022-06-05 12:11:44 --> Duplicate entry 'USER - 6252f211c78cd' for key 'idUser'
#0 C:\xampp\htdocs\Job Portal\system\Database\MySQLi\Connection.php(292): mysqli->query('INSERT INTO `re...', 0)
#1 C:\xampp\htdocs\Job Portal\system\Database\BaseConnection.php(670): CodeIgniter\Database\MySQLi\Connection->execute('INSERT INTO `re...')
#2 C:\xampp\htdocs\Job Portal\system\Database\BaseConnection.php(598): CodeIgniter\Database\BaseConnection->simpleQuery('INSERT INTO `re...')
#3 C:\xampp\htdocs\Job Portal\system\Database\BaseBuilder.php(1771): CodeIgniter\Database\BaseConnection->query('INSERT INTO `re...', Array, false)
#4 C:\xampp\htdocs\Job Portal\system\Model.php(239): CodeIgniter\Database\BaseBuilder->insert()
#5 C:\xampp\htdocs\Job Portal\system\BaseModel.php(738): CodeIgniter\Model->doInsert(Array)
#6 C:\xampp\htdocs\Job Portal\system\Model.php(625): CodeIgniter\BaseModel->insert(Array, true)
#7 C:\xampp\htdocs\Job Portal\app\Controllers\UserDashboard.php(83): CodeIgniter\Model->insert(Array)
#8 C:\xampp\htdocs\Job Portal\system\CodeIgniter.php(825): App\Controllers\UserDashboard->uploadCV()
#9 C:\xampp\htdocs\Job Portal\system\CodeIgniter.php(412): CodeIgniter\CodeIgniter->runController(Object(App\Controllers\UserDashboard))
#10 C:\xampp\htdocs\Job Portal\system\CodeIgniter.php(320): CodeIgniter\CodeIgniter->handleRequest(NULL, Object(Config\Cache), false)
#11 C:\xampp\htdocs\Job Portal\public\index.php(37): CodeIgniter\CodeIgniter->run()
#12 C:\xampp\htdocs\Job Portal\system\Commands\Server\rewrite.php(43): require_once('C:\\xampp\\htdocs...')
#13 {main}
ERROR - 2022-06-05 12:12:49 --> Duplicate entry 'USER - 6252f211c78cd' for key 'idUser'
CRITICAL - 2022-06-05 12:12:49 --> Duplicate entry 'USER - 6252f211c78cd' for key 'idUser'
#0 C:\xampp\htdocs\Job Portal\system\Database\MySQLi\Connection.php(292): mysqli->query('INSERT INTO `re...', 0)
#1 C:\xampp\htdocs\Job Portal\system\Database\BaseConnection.php(670): CodeIgniter\Database\MySQLi\Connection->execute('INSERT INTO `re...')
#2 C:\xampp\htdocs\Job Portal\system\Database\BaseConnection.php(598): CodeIgniter\Database\BaseConnection->simpleQuery('INSERT INTO `re...')
#3 C:\xampp\htdocs\Job Portal\system\Database\BaseBuilder.php(1771): CodeIgniter\Database\BaseConnection->query('INSERT INTO `re...', Array, false)
#4 C:\xampp\htdocs\Job Portal\system\Model.php(239): CodeIgniter\Database\BaseBuilder->insert()
#5 C:\xampp\htdocs\Job Portal\system\BaseModel.php(738): CodeIgniter\Model->doInsert(Array)
#6 C:\xampp\htdocs\Job Portal\system\Model.php(625): CodeIgniter\BaseModel->insert(Array, true)
#7 C:\xampp\htdocs\Job Portal\app\Controllers\UserDashboard.php(83): CodeIgniter\Model->insert(Array)
#8 C:\xampp\htdocs\Job Portal\system\CodeIgniter.php(825): App\Controllers\UserDashboard->uploadCV()
#9 C:\xampp\htdocs\Job Portal\system\CodeIgniter.php(412): CodeIgniter\CodeIgniter->runController(Object(App\Controllers\UserDashboard))
#10 C:\xampp\htdocs\Job Portal\system\CodeIgniter.php(320): CodeIgniter\CodeIgniter->handleRequest(NULL, Object(Config\Cache), false)
#11 C:\xampp\htdocs\Job Portal\public\index.php(37): CodeIgniter\CodeIgniter->run()
#12 C:\xampp\htdocs\Job Portal\system\Commands\Server\rewrite.php(43): require_once('C:\\xampp\\htdocs...')
#13 {main}
ERROR - 2022-06-05 12:13:34 --> Duplicate entry 'USER - 6252f211c78cd' for key 'idUser'
CRITICAL - 2022-06-05 12:13:34 --> Duplicate entry 'USER - 6252f211c78cd' for key 'idUser'
#0 C:\xampp\htdocs\Job Portal\system\Database\MySQLi\Connection.php(292): mysqli->query('INSERT INTO `re...', 0)
#1 C:\xampp\htdocs\Job Portal\system\Database\BaseConnection.php(670): CodeIgniter\Database\MySQLi\Connection->execute('INSERT INTO `re...')
#2 C:\xampp\htdocs\Job Portal\system\Database\BaseConnection.php(598): CodeIgniter\Database\BaseConnection->simpleQuery('INSERT INTO `re...')
#3 C:\xampp\htdocs\Job Portal\system\Database\BaseBuilder.php(1771): CodeIgniter\Database\BaseConnection->query('INSERT INTO `re...', Array, false)
#4 C:\xampp\htdocs\Job Portal\system\Model.php(239): CodeIgniter\Database\BaseBuilder->insert()
#5 C:\xampp\htdocs\Job Portal\system\BaseModel.php(738): CodeIgniter\Model->doInsert(Array)
#6 C:\xampp\htdocs\Job Portal\system\Model.php(625): CodeIgniter\BaseModel->insert(Array, true)
#7 C:\xampp\htdocs\Job Portal\app\Controllers\UserDashboard.php(83): CodeIgniter\Model->insert(Array)
#8 C:\xampp\htdocs\Job Portal\system\CodeIgniter.php(825): App\Controllers\UserDashboard->uploadCV()
#9 C:\xampp\htdocs\Job Portal\system\CodeIgniter.php(412): CodeIgniter\CodeIgniter->runController(Object(App\Controllers\UserDashboard))
#10 C:\xampp\htdocs\Job Portal\system\CodeIgniter.php(320): CodeIgniter\CodeIgniter->handleRequest(NULL, Object(Config\Cache), false)
#11 C:\xampp\htdocs\Job Portal\public\index.php(37): CodeIgniter\CodeIgniter->run()
#12 C:\xampp\htdocs\Job Portal\system\Commands\Server\rewrite.php(43): require_once('C:\\xampp\\htdocs...')
#13 {main}
ERROR - 2022-06-05 12:14:02 --> Duplicate entry 'USER - 6252f211c78cd' for key 'idUser'
CRITICAL - 2022-06-05 12:14:02 --> Duplicate entry 'USER - 6252f211c78cd' for key 'idUser'
#0 C:\xampp\htdocs\Job Portal\system\Database\MySQLi\Connection.php(292): mysqli->query('INSERT INTO `re...', 0)
#1 C:\xampp\htdocs\Job Portal\system\Database\BaseConnection.php(670): CodeIgniter\Database\MySQLi\Connection->execute('INSERT INTO `re...')
#2 C:\xampp\htdocs\Job Portal\system\Database\BaseConnection.php(598): CodeIgniter\Database\BaseConnection->simpleQuery('INSERT INTO `re...')
#3 C:\xampp\htdocs\Job Portal\system\Database\BaseBuilder.php(1771): CodeIgniter\Database\BaseConnection->query('INSERT INTO `re...', Array, false)
#4 C:\xampp\htdocs\Job Portal\system\Model.php(239): CodeIgniter\Database\BaseBuilder->insert()
#5 C:\xampp\htdocs\Job Portal\system\BaseModel.php(738): CodeIgniter\Model->doInsert(Array)
#6 C:\xampp\htdocs\Job Portal\system\Model.php(625): CodeIgniter\BaseModel->insert(Array, true)
#7 C:\xampp\htdocs\Job Portal\app\Controllers\UserDashboard.php(83): CodeIgniter\Model->insert(Array)
#8 C:\xampp\htdocs\Job Portal\system\CodeIgniter.php(825): App\Controllers\UserDashboard->uploadCV()
#9 C:\xampp\htdocs\Job Portal\system\CodeIgniter.php(412): CodeIgniter\CodeIgniter->runController(Object(App\Controllers\UserDashboard))
#10 C:\xampp\htdocs\Job Portal\system\CodeIgniter.php(320): CodeIgniter\CodeIgniter->handleRequest(NULL, Object(Config\Cache), false)
#11 C:\xampp\htdocs\Job Portal\public\index.php(37): CodeIgniter\CodeIgniter->run()
#12 C:\xampp\htdocs\Job Portal\system\Commands\Server\rewrite.php(43): require_once('C:\\xampp\\htdocs...')
#13 {main}
ERROR - 2022-06-05 12:16:27 --> Duplicate entry 'USER - 6252f211c78cd' for key 'idUser'
CRITICAL - 2022-06-05 12:16:27 --> Duplicate entry 'USER - 6252f211c78cd' for key 'idUser'
#0 C:\xampp\htdocs\Job Portal\system\Database\MySQLi\Connection.php(292): mysqli->query('INSERT INTO `re...', 0)
#1 C:\xampp\htdocs\Job Portal\system\Database\BaseConnection.php(670): CodeIgniter\Database\MySQLi\Connection->execute('INSERT INTO `re...')
#2 C:\xampp\htdocs\Job Portal\system\Database\BaseConnection.php(598): CodeIgniter\Database\BaseConnection->simpleQuery('INSERT INTO `re...')
#3 C:\xampp\htdocs\Job Portal\system\Database\BaseBuilder.php(1771): CodeIgniter\Database\BaseConnection->query('INSERT INTO `re...', Array, false)
#4 C:\xampp\htdocs\Job Portal\system\Model.php(239): CodeIgniter\Database\BaseBuilder->insert()
#5 C:\xampp\htdocs\Job Portal\system\BaseModel.php(738): CodeIgniter\Model->doInsert(Array)
#6 C:\xampp\htdocs\Job Portal\system\Model.php(625): CodeIgniter\BaseModel->insert(Array, true)
#7 C:\xampp\htdocs\Job Portal\app\Controllers\UserDashboard.php(83): CodeIgniter\Model->insert(Array)
#8 C:\xampp\htdocs\Job Portal\system\CodeIgniter.php(825): App\Controllers\UserDashboard->uploadCV()
#9 C:\xampp\htdocs\Job Portal\system\CodeIgniter.php(412): CodeIgniter\CodeIgniter->runController(Object(App\Controllers\UserDashboard))
#10 C:\xampp\htdocs\Job Portal\system\CodeIgniter.php(320): CodeIgniter\CodeIgniter->handleRequest(NULL, Object(Config\Cache), false)
#11 C:\xampp\htdocs\Job Portal\public\index.php(37): CodeIgniter\CodeIgniter->run()
#12 C:\xampp\htdocs\Job Portal\system\Commands\Server\rewrite.php(43): require_once('C:\\xampp\\htdocs...')
#13 {main}
ERROR - 2022-06-05 12:18:24 --> Duplicate entry 'USER - 6252f211c78cd' for key 'idUser'
CRITICAL - 2022-06-05 12:18:24 --> Duplicate entry 'USER - 6252f211c78cd' for key 'idUser'
#0 C:\xampp\htdocs\Job Portal\system\Database\MySQLi\Connection.php(292): mysqli->query('INSERT INTO `re...', 0)
#1 C:\xampp\htdocs\Job Portal\system\Database\BaseConnection.php(670): CodeIgniter\Database\MySQLi\Connection->execute('INSERT INTO `re...')
#2 C:\xampp\htdocs\Job Portal\system\Database\BaseConnection.php(598): CodeIgniter\Database\BaseConnection->simpleQuery('INSERT INTO `re...')
#3 C:\xampp\htdocs\Job Portal\system\Database\BaseBuilder.php(1771): CodeIgniter\Database\BaseConnection->query('INSERT INTO `re...', Array, false)
#4 C:\xampp\htdocs\Job Portal\system\Model.php(239): CodeIgniter\Database\BaseBuilder->insert()
#5 C:\xampp\htdocs\Job Portal\system\BaseModel.php(738): CodeIgniter\Model->doInsert(Array)
#6 C:\xampp\htdocs\Job Portal\system\Model.php(625): CodeIgniter\BaseModel->insert(Array, true)
#7 C:\xampp\htdocs\Job Portal\app\Controllers\UserDashboard.php(83): CodeIgniter\Model->insert(Array)
#8 C:\xampp\htdocs\Job Portal\system\CodeIgniter.php(825): App\Controllers\UserDashboard->uploadCV()
#9 C:\xampp\htdocs\Job Portal\system\CodeIgniter.php(412): CodeIgniter\CodeIgniter->runController(Object(App\Controllers\UserDashboard))
#10 C:\xampp\htdocs\Job Portal\system\CodeIgniter.php(320): CodeIgniter\CodeIgniter->handleRequest(NULL, Object(Config\Cache), false)
#11 C:\xampp\htdocs\Job Portal\public\index.php(37): CodeIgniter\CodeIgniter->run()
#12 C:\xampp\htdocs\Job Portal\system\Commands\Server\rewrite.php(43): require_once('C:\\xampp\\htdocs...')
#13 {main}
ERROR - 2022-06-05 12:20:04 --> Duplicate entry 'USER - 6252f211c78cd' for key 'idUser'
CRITICAL - 2022-06-05 12:20:04 --> Duplicate entry 'USER - 6252f211c78cd' for key 'idUser'
#0 C:\xampp\htdocs\Job Portal\system\Database\MySQLi\Connection.php(292): mysqli->query('INSERT INTO `re...', 0)
#1 C:\xampp\htdocs\Job Portal\system\Database\BaseConnection.php(670): CodeIgniter\Database\MySQLi\Connection->execute('INSERT INTO `re...')
#2 C:\xampp\htdocs\Job Portal\system\Database\BaseConnection.php(598): CodeIgniter\Database\BaseConnection->simpleQuery('INSERT INTO `re...')
#3 C:\xampp\htdocs\Job Portal\system\Database\BaseBuilder.php(1771): CodeIgniter\Database\BaseConnection->query('INSERT INTO `re...', Array, false)
#4 C:\xampp\htdocs\Job Portal\system\Model.php(239): CodeIgniter\Database\BaseBuilder->insert()
#5 C:\xampp\htdocs\Job Portal\system\BaseModel.php(738): CodeIgniter\Model->doInsert(Array)
#6 C:\xampp\htdocs\Job Portal\system\Model.php(625): CodeIgniter\BaseModel->insert(Array, true)
#7 C:\xampp\htdocs\Job Portal\app\Controllers\UserDashboard.php(83): CodeIgniter\Model->insert(Array)
#8 C:\xampp\htdocs\Job Portal\system\CodeIgniter.php(825): App\Controllers\UserDashboard->uploadCV()
#9 C:\xampp\htdocs\Job Portal\system\CodeIgniter.php(412): CodeIgniter\CodeIgniter->runController(Object(App\Controllers\UserDashboard))
#10 C:\xampp\htdocs\Job Portal\system\CodeIgniter.php(320): CodeIgniter\CodeIgniter->handleRequest(NULL, Object(Config\Cache), false)
#11 C:\xampp\htdocs\Job Portal\public\index.php(37): CodeIgniter\CodeIgniter->run()
#12 C:\xampp\htdocs\Job Portal\system\Commands\Server\rewrite.php(43): require_once('C:\\xampp\\htdocs...')
#13 {main}
ERROR - 2022-06-05 12:20:42 --> Duplicate entry 'USER - 6252f211c78cd' for key 'idUser'
CRITICAL - 2022-06-05 12:20:42 --> Duplicate entry 'USER - 6252f211c78cd' for key 'idUser'
#0 C:\xampp\htdocs\Job Portal\system\Database\MySQLi\Connection.php(292): mysqli->query('INSERT INTO `re...', 0)
#1 C:\xampp\htdocs\Job Portal\system\Database\BaseConnection.php(670): CodeIgniter\Database\MySQLi\Connection->execute('INSERT INTO `re...')
#2 C:\xampp\htdocs\Job Portal\system\Database\BaseConnection.php(598): CodeIgniter\Database\BaseConnection->simpleQuery('INSERT INTO `re...')
#3 C:\xampp\htdocs\Job Portal\system\Database\BaseBuilder.php(1771): CodeIgniter\Database\BaseConnection->query('INSERT INTO `re...', Array, false)
#4 C:\xampp\htdocs\Job Portal\system\Model.php(239): CodeIgniter\Database\BaseBuilder->insert()
#5 C:\xampp\htdocs\Job Portal\system\BaseModel.php(738): CodeIgniter\Model->doInsert(Array)
#6 C:\xampp\htdocs\Job Portal\system\Model.php(625): CodeIgniter\BaseModel->insert(Array, true)
#7 C:\xampp\htdocs\Job Portal\app\Controllers\UserDashboard.php(85): CodeIgniter\Model->insert(Array)
#8 C:\xampp\htdocs\Job Portal\system\CodeIgniter.php(825): App\Controllers\UserDashboard->uploadCV()
#9 C:\xampp\htdocs\Job Portal\system\CodeIgniter.php(412): CodeIgniter\CodeIgniter->runController(Object(App\Controllers\UserDashboard))
#10 C:\xampp\htdocs\Job Portal\system\CodeIgniter.php(320): CodeIgniter\CodeIgniter->handleRequest(NULL, Object(Config\Cache), false)
#11 C:\xampp\htdocs\Job Portal\public\index.php(37): CodeIgniter\CodeIgniter->run()
#12 C:\xampp\htdocs\Job Portal\system\Commands\Server\rewrite.php(43): require_once('C:\\xampp\\htdocs...')
#13 {main}
ERROR - 2022-06-05 12:21:10 --> Duplicate entry 'USER - 6252f211c78cd' for key 'idUser'
CRITICAL - 2022-06-05 12:21:10 --> Duplicate entry 'USER - 6252f211c78cd' for key 'idUser'
#0 C:\xampp\htdocs\Job Portal\system\Database\MySQLi\Connection.php(292): mysqli->query('INSERT INTO `re...', 0)
#1 C:\xampp\htdocs\Job Portal\system\Database\BaseConnection.php(670): CodeIgniter\Database\MySQLi\Connection->execute('INSERT INTO `re...')
#2 C:\xampp\htdocs\Job Portal\system\Database\BaseConnection.php(598): CodeIgniter\Database\BaseConnection->simpleQuery('INSERT INTO `re...')
#3 C:\xampp\htdocs\Job Portal\system\Database\BaseBuilder.php(1771): CodeIgniter\Database\BaseConnection->query('INSERT INTO `re...', Array, false)
#4 C:\xampp\htdocs\Job Portal\system\Model.php(239): CodeIgniter\Database\BaseBuilder->insert()
#5 C:\xampp\htdocs\Job Portal\system\BaseModel.php(738): CodeIgniter\Model->doInsert(Array)
#6 C:\xampp\htdocs\Job Portal\system\Model.php(625): CodeIgniter\BaseModel->insert(Array, true)
#7 C:\xampp\htdocs\Job Portal\app\Controllers\UserDashboard.php(85): CodeIgniter\Model->insert(Array)
#8 C:\xampp\htdocs\Job Portal\system\CodeIgniter.php(825): App\Controllers\UserDashboard->uploadCV()
#9 C:\xampp\htdocs\Job Portal\system\CodeIgniter.php(412): CodeIgniter\CodeIgniter->runController(Object(App\Controllers\UserDashboard))
#10 C:\xampp\htdocs\Job Portal\system\CodeIgniter.php(320): CodeIgniter\CodeIgniter->handleRequest(NULL, Object(Config\Cache), false)
#11 C:\xampp\htdocs\Job Portal\public\index.php(37): CodeIgniter\CodeIgniter->run()
#12 C:\xampp\htdocs\Job Portal\system\Commands\Server\rewrite.php(43): require_once('C:\\xampp\\htdocs...')
#13 {main}
ERROR - 2022-06-05 12:23:23 --> Duplicate entry 'USER - 6252f211c78cd' for key 'idUser'
ERROR - 2022-06-05 12:23:47 --> Duplicate entry 'USER - 6252f211c78cd' for key 'idUser'
ERROR - 2022-06-05 12:24:21 --> Duplicate entry 'USER - 6252f211c78cd' for key 'idUser'
CRITICAL - 2022-06-05 12:24:21 --> Duplicate entry 'USER - 6252f211c78cd' for key 'idUser'
#0 C:\xampp\htdocs\Job Portal\system\Database\MySQLi\Connection.php(292): mysqli->query('INSERT INTO `re...', 0)
#1 C:\xampp\htdocs\Job Portal\system\Database\BaseConnection.php(670): CodeIgniter\Database\MySQLi\Connection->execute('INSERT INTO `re...')
#2 C:\xampp\htdocs\Job Portal\system\Database\BaseConnection.php(598): CodeIgniter\Database\BaseConnection->simpleQuery('INSERT INTO `re...')
#3 C:\xampp\htdocs\Job Portal\system\Database\BaseBuilder.php(1771): CodeIgniter\Database\BaseConnection->query('INSERT INTO `re...', Array, false)
#4 C:\xampp\htdocs\Job Portal\system\Model.php(239): CodeIgniter\Database\BaseBuilder->insert()
#5 C:\xampp\htdocs\Job Portal\system\BaseModel.php(738): CodeIgniter\Model->doInsert(Array)
#6 C:\xampp\htdocs\Job Portal\system\Model.php(625): CodeIgniter\BaseModel->insert(Array, true)
#7 C:\xampp\htdocs\Job Portal\app\Controllers\UserDashboard.php(85): CodeIgniter\Model->insert(Array)
#8 C:\xampp\htdocs\Job Portal\system\CodeIgniter.php(825): App\Controllers\UserDashboard->uploadCV()
#9 C:\xampp\htdocs\Job Portal\system\CodeIgniter.php(412): CodeIgniter\CodeIgniter->runController(Object(App\Controllers\UserDashboard))
#10 C:\xampp\htdocs\Job Portal\system\CodeIgniter.php(320): CodeIgniter\CodeIgniter->handleRequest(NULL, Object(Config\Cache), false)
#11 C:\xampp\htdocs\Job Portal\public\index.php(37): CodeIgniter\CodeIgniter->run()
#12 C:\xampp\htdocs\Job Portal\system\Commands\Server\rewrite.php(43): require_once('C:\\xampp\\htdocs...')
#13 {main}
ERROR - 2022-06-05 12:24:45 --> Duplicate entry 'USER - 6252f211c78cd' for key 'idUser'
ERROR - 2022-06-05 12:25:22 --> Duplicate entry 'USER - 6252f211c78cd' for key 'idUser'
