CRITICAL - 2022-08-26 15:18:01 --> Undefined variable: title
#0 C:\xampp\htdocs\Job Portal\app\Views\LayoutHome\LayoutHomeView.php(12): CodeIgniter\Debug\Exceptions->errorHandler(8, 'Undefined varia...', 'C:\\xampp\\htdocs...', 12, Array)
#1 C:\xampp\htdocs\Job Portal\system\View\View.php(210): include('C:\\xampp\\htdocs...')
#2 C:\xampp\htdocs\Job Portal\system\View\View.php(213): CodeIgniter\View\View->CodeIgniter\View\{closure}()
#3 C:\xampp\htdocs\Job Portal\system\View\View.php(226): CodeIgniter\View\View->render('LayoutHome/Layo...', Array, true)
#4 C:\xampp\htdocs\Job Portal\system\View\View.php(226): CodeIgniter\View\View->render('DashboardUser/D...', Array, true)
#5 C:\xampp\htdocs\Job Portal\system\Common.php(1089): CodeIgniter\View\View->render('DashboardUser/P...', Array, true)
#6 C:\xampp\htdocs\Job Portal\app\Controllers\UserDashboard.php(134): view('DashboardUser/P...')
#7 C:\xampp\htdocs\Job Portal\system\CodeIgniter.php(825): App\Controllers\UserDashboard->changeCV()
#8 C:\xampp\htdocs\Job Portal\system\CodeIgniter.php(412): CodeIgniter\CodeIgniter->runController(Object(App\Controllers\UserDashboard))
#9 C:\xampp\htdocs\Job Portal\system\CodeIgniter.php(320): CodeIgniter\CodeIgniter->handleRequest(NULL, Object(Config\Cache), false)
#10 C:\xampp\htdocs\Job Portal\public\index.php(37): CodeIgniter\CodeIgniter->run()
#11 C:\xampp\htdocs\Job Portal\system\Commands\Server\rewrite.php(43): require_once('C:\\xampp\\htdocs...')
#12 {main}
ERROR - 2022-08-26 15:18:29 --> Cannot delete or update a parent row: a foreign key constraint fails (`job_portal_db`.`cv`, CONSTRAINT `fk_id_resume` FOREIGN KEY (`idResume`) REFERENCES `resume` (`idResume`) ON UPDATE CASCADE)
CRITICAL - 2022-08-26 15:18:29 --> Cannot delete or update a parent row: a foreign key constraint fails (`job_portal_db`.`cv`, CONSTRAINT `fk_id_resume` FOREIGN KEY (`idResume`) REFERENCES `resume` (`idResume`) ON UPDATE CASCADE)
#0 C:\xampp\htdocs\Job Portal\system\Database\MySQLi\Connection.php(292): mysqli->query('DELETE FROM `re...', 0)
#1 C:\xampp\htdocs\Job Portal\system\Database\BaseConnection.php(670): CodeIgniter\Database\MySQLi\Connection->execute('DELETE FROM `re...')
#2 C:\xampp\htdocs\Job Portal\system\Database\BaseConnection.php(598): CodeIgniter\Database\BaseConnection->simpleQuery('DELETE FROM `re...')
#3 C:\xampp\htdocs\Job Portal\system\Database\BaseBuilder.php(2225): CodeIgniter\Database\BaseConnection->query('DELETE FROM `re...', Array, false)
#4 C:\xampp\htdocs\Job Portal\system\Model.php(359): CodeIgniter\Database\BaseBuilder->delete()
#5 C:\xampp\htdocs\Job Portal\system\BaseModel.php(963): CodeIgniter\Model->doDelete(NULL, false)
#6 C:\xampp\htdocs\Job Portal\app\Controllers\UserDashboard.php(125): CodeIgniter\BaseModel->delete()
#7 C:\xampp\htdocs\Job Portal\system\CodeIgniter.php(825): App\Controllers\UserDashboard->deleteCV()
#8 C:\xampp\htdocs\Job Portal\system\CodeIgniter.php(412): CodeIgniter\CodeIgniter->runController(Object(App\Controllers\UserDashboard))
#9 C:\xampp\htdocs\Job Portal\system\CodeIgniter.php(320): CodeIgniter\CodeIgniter->handleRequest(NULL, Object(Config\Cache), false)
#10 C:\xampp\htdocs\Job Portal\public\index.php(37): CodeIgniter\CodeIgniter->run()
#11 C:\xampp\htdocs\Job Portal\system\Commands\Server\rewrite.php(43): require_once('C:\\xampp\\htdocs...')
#12 {main}
CRITICAL - 2022-08-26 15:18:35 --> unlink(cv/1656251000_54bb310df06e767ac96e.pdf): No such file or directory
#0 [internal function]: CodeIgniter\Debug\Exceptions->errorHandler(2, 'unlink(cv/16562...', 'C:\\xampp\\htdocs...', 124, Array)
#1 C:\xampp\htdocs\Job Portal\app\Controllers\UserDashboard.php(124): unlink('cv/1656251000_5...')
#2 C:\xampp\htdocs\Job Portal\system\CodeIgniter.php(825): App\Controllers\UserDashboard->deleteCV()
#3 C:\xampp\htdocs\Job Portal\system\CodeIgniter.php(412): CodeIgniter\CodeIgniter->runController(Object(App\Controllers\UserDashboard))
#4 C:\xampp\htdocs\Job Portal\system\CodeIgniter.php(320): CodeIgniter\CodeIgniter->handleRequest(NULL, Object(Config\Cache), false)
#5 C:\xampp\htdocs\Job Portal\public\index.php(37): CodeIgniter\CodeIgniter->run()
#6 C:\xampp\htdocs\Job Portal\system\Commands\Server\rewrite.php(43): require_once('C:\\xampp\\htdocs...')
#7 {main}
