CRITICAL - 2022-08-01 13:20:34 --> Call to undefined function dump()
#0 C:\xampp\htdocs\Job Portal\system\View\View.php(210): include()
#1 C:\xampp\htdocs\Job Portal\system\View\View.php(213): CodeIgniter\View\View->CodeIgniter\View\{closure}()
#2 C:\xampp\htdocs\Job Portal\system\Common.php(1089): CodeIgniter\View\View->render('DashboardCompan...', Array, true)
#3 C:\xampp\htdocs\Job Portal\app\Controllers\CompanyDashboard.php(13): view('DashboardCompan...', Array)
#4 C:\xampp\htdocs\Job Portal\system\CodeIgniter.php(825): App\Controllers\CompanyDashboard->index()
#5 C:\xampp\htdocs\Job Portal\system\CodeIgniter.php(412): CodeIgniter\CodeIgniter->runController(Object(App\Controllers\CompanyDashboard))
#6 C:\xampp\htdocs\Job Portal\system\CodeIgniter.php(320): CodeIgniter\CodeIgniter->handleRequest(NULL, Object(Config\Cache), false)
#7 C:\xampp\htdocs\Job Portal\public\index.php(37): CodeIgniter\CodeIgniter->run()
#8 C:\xampp\htdocs\Job Portal\system\Commands\Server\rewrite.php(43): require_once('C:\\xampp\\htdocs...')
#9 {main}
CRITICAL - 2022-08-01 13:33:04 --> Undefined variable: companyDetail
#0 C:\xampp\htdocs\Job Portal\app\Views\DashboardCompany\Navbar\Navbar.php(14): CodeIgniter\Debug\Exceptions->errorHandler(8, 'Undefined varia...', 'C:\\xampp\\htdocs...', 14, Array)
#1 C:\xampp\htdocs\Job Portal\system\View\View.php(210): include('C:\\xampp\\htdocs...')
#2 C:\xampp\htdocs\Job Portal\system\View\View.php(213): CodeIgniter\View\View->CodeIgniter\View\{closure}()
#3 C:\xampp\htdocs\Job Portal\system\View\View.php(424): CodeIgniter\View\View->render('DashboardCompan...', NULL, true)
#4 C:\xampp\htdocs\Job Portal\app\Views\DashboardCompany\DashboardLayout.php(15): CodeIgniter\View\View->include('DashboardCompan...')
#5 C:\xampp\htdocs\Job Portal\system\View\View.php(210): include('C:\\xampp\\htdocs...')
#6 C:\xampp\htdocs\Job Portal\system\View\View.php(213): CodeIgniter\View\View->CodeIgniter\View\{closure}()
#7 C:\xampp\htdocs\Job Portal\system\View\View.php(226): CodeIgniter\View\View->render('DashboardCompan...', Array, true)
#8 C:\xampp\htdocs\Job Portal\system\Common.php(1089): CodeIgniter\View\View->render('DashboardCompan...', Array, true)
#9 C:\xampp\htdocs\Job Portal\app\Controllers\CompanyDashboard.php(37): view('DashboardCompan...', Array)
#10 C:\xampp\htdocs\Job Portal\system\CodeIgniter.php(825): App\Controllers\CompanyDashboard->createLowongan()
#11 C:\xampp\htdocs\Job Portal\system\CodeIgniter.php(412): CodeIgniter\CodeIgniter->runController(Object(App\Controllers\CompanyDashboard))
#12 C:\xampp\htdocs\Job Portal\system\CodeIgniter.php(320): CodeIgniter\CodeIgniter->handleRequest(NULL, Object(Config\Cache), false)
#13 C:\xampp\htdocs\Job Portal\public\index.php(37): CodeIgniter\CodeIgniter->run()
#14 C:\xampp\htdocs\Job Portal\system\Commands\Server\rewrite.php(43): require_once('C:\\xampp\\htdocs...')
#15 {main}
CRITICAL - 2022-08-01 13:36:26 --> Undefined variable: dataCompany
#0 C:\xampp\htdocs\Job Portal\app\Views\DashboardCompany\Home\HomeView.php(4): CodeIgniter\Debug\Exceptions->errorHandler(8, 'Undefined varia...', 'C:\\xampp\\htdocs...', 4, Array)
#1 C:\xampp\htdocs\Job Portal\system\View\View.php(210): include('C:\\xampp\\htdocs...')
#2 C:\xampp\htdocs\Job Portal\system\View\View.php(213): CodeIgniter\View\View->CodeIgniter\View\{closure}()
#3 C:\xampp\htdocs\Job Portal\system\Common.php(1089): CodeIgniter\View\View->render('DashboardCompan...', Array, true)
#4 C:\xampp\htdocs\Job Portal\app\Controllers\CompanyDashboard.php(26): view('DashboardCompan...', Array)
#5 C:\xampp\htdocs\Job Portal\system\CodeIgniter.php(825): App\Controllers\CompanyDashboard->index()
#6 C:\xampp\htdocs\Job Portal\system\CodeIgniter.php(412): CodeIgniter\CodeIgniter->runController(Object(App\Controllers\CompanyDashboard))
#7 C:\xampp\htdocs\Job Portal\system\CodeIgniter.php(320): CodeIgniter\CodeIgniter->handleRequest(NULL, Object(Config\Cache), false)
#8 C:\xampp\htdocs\Job Portal\public\index.php(37): CodeIgniter\CodeIgniter->run()
#9 C:\xampp\htdocs\Job Portal\system\Commands\Server\rewrite.php(43): require_once('C:\\xampp\\htdocs...')
#10 {main}
CRITICAL - 2022-08-01 13:36:47 --> Undefined variable: nama
#0 C:\xampp\htdocs\Job Portal\app\Views\DashboardCompany\Home\HomeView.php(4): CodeIgniter\Debug\Exceptions->errorHandler(8, 'Undefined varia...', 'C:\\xampp\\htdocs...', 4, Array)
#1 C:\xampp\htdocs\Job Portal\system\View\View.php(210): include('C:\\xampp\\htdocs...')
#2 C:\xampp\htdocs\Job Portal\system\View\View.php(213): CodeIgniter\View\View->CodeIgniter\View\{closure}()
#3 C:\xampp\htdocs\Job Portal\system\Common.php(1089): CodeIgniter\View\View->render('DashboardCompan...', Array, true)
#4 C:\xampp\htdocs\Job Portal\app\Controllers\CompanyDashboard.php(26): view('DashboardCompan...', Array)
#5 C:\xampp\htdocs\Job Portal\system\CodeIgniter.php(825): App\Controllers\CompanyDashboard->index()
#6 C:\xampp\htdocs\Job Portal\system\CodeIgniter.php(412): CodeIgniter\CodeIgniter->runController(Object(App\Controllers\CompanyDashboard))
#7 C:\xampp\htdocs\Job Portal\system\CodeIgniter.php(320): CodeIgniter\CodeIgniter->handleRequest(NULL, Object(Config\Cache), false)
#8 C:\xampp\htdocs\Job Portal\public\index.php(37): CodeIgniter\CodeIgniter->run()
#9 C:\xampp\htdocs\Job Portal\system\Commands\Server\rewrite.php(43): require_once('C:\\xampp\\htdocs...')
#10 {main}
CRITICAL - 2022-08-01 13:37:22 --> Undefined variable: nama
#0 C:\xampp\htdocs\Job Portal\app\Views\DashboardCompany\Home\HomeView.php(4): CodeIgniter\Debug\Exceptions->errorHandler(8, 'Undefined varia...', 'C:\\xampp\\htdocs...', 4, Array)
#1 C:\xampp\htdocs\Job Portal\system\View\View.php(210): include('C:\\xampp\\htdocs...')
#2 C:\xampp\htdocs\Job Portal\system\View\View.php(213): CodeIgniter\View\View->CodeIgniter\View\{closure}()
#3 C:\xampp\htdocs\Job Portal\system\Common.php(1089): CodeIgniter\View\View->render('DashboardCompan...', Array, true)
#4 C:\xampp\htdocs\Job Portal\app\Controllers\CompanyDashboard.php(26): view('DashboardCompan...', Array)
#5 C:\xampp\htdocs\Job Portal\system\CodeIgniter.php(825): App\Controllers\CompanyDashboard->index()
#6 C:\xampp\htdocs\Job Portal\system\CodeIgniter.php(412): CodeIgniter\CodeIgniter->runController(Object(App\Controllers\CompanyDashboard))
#7 C:\xampp\htdocs\Job Portal\system\CodeIgniter.php(320): CodeIgniter\CodeIgniter->handleRequest(NULL, Object(Config\Cache), false)
#8 C:\xampp\htdocs\Job Portal\public\index.php(37): CodeIgniter\CodeIgniter->run()
#9 C:\xampp\htdocs\Job Portal\system\Commands\Server\rewrite.php(43): require_once('C:\\xampp\\htdocs...')
#10 {main}
CRITICAL - 2022-08-01 13:38:10 --> Undefined variable: nama
#0 C:\xampp\htdocs\Job Portal\app\Views\DashboardCompany\Home\HomeView.php(4): CodeIgniter\Debug\Exceptions->errorHandler(8, 'Undefined varia...', 'C:\\xampp\\htdocs...', 4, Array)
#1 C:\xampp\htdocs\Job Portal\system\View\View.php(210): include('C:\\xampp\\htdocs...')
#2 C:\xampp\htdocs\Job Portal\system\View\View.php(213): CodeIgniter\View\View->CodeIgniter\View\{closure}()
#3 C:\xampp\htdocs\Job Portal\system\Common.php(1089): CodeIgniter\View\View->render('DashboardCompan...', Array, true)
#4 C:\xampp\htdocs\Job Portal\app\Controllers\CompanyDashboard.php(23): view('DashboardCompan...', Array)
#5 C:\xampp\htdocs\Job Portal\system\CodeIgniter.php(825): App\Controllers\CompanyDashboard->index()
#6 C:\xampp\htdocs\Job Portal\system\CodeIgniter.php(412): CodeIgniter\CodeIgniter->runController(Object(App\Controllers\CompanyDashboard))
#7 C:\xampp\htdocs\Job Portal\system\CodeIgniter.php(320): CodeIgniter\CodeIgniter->handleRequest(NULL, Object(Config\Cache), false)
#8 C:\xampp\htdocs\Job Portal\public\index.php(37): CodeIgniter\CodeIgniter->run()
#9 C:\xampp\htdocs\Job Portal\system\Commands\Server\rewrite.php(43): require_once('C:\\xampp\\htdocs...')
#10 {main}
