CRITICAL - 2022-02-06 11:38:57 --> syntax error, unexpected '}', expecting ';'
#0 C:\xampp\htdocs\Job Portal\system\Autoloader\Autoloader.php(241): CodeIgniter\Autoloader\Autoloader->includeFile('C:\\xampp\\htdocs...')
#1 C:\xampp\htdocs\Job Portal\system\Autoloader\Autoloader.php(219): CodeIgniter\Autoloader\Autoloader->loadInNamespace('App\\Controllers...')
#2 [internal function]: CodeIgniter\Autoloader\Autoloader->loadClass('App\\Controllers...')
#3 [internal function]: spl_autoload_call('App\\Controllers...')
#4 C:\xampp\htdocs\Job Portal\system\CodeIgniter.php(790): class_exists('\\App\\Controller...', true)
#5 C:\xampp\htdocs\Job Portal\system\CodeIgniter.php(399): CodeIgniter\CodeIgniter->startController()
#6 C:\xampp\htdocs\Job Portal\system\CodeIgniter.php(320): CodeIgniter\CodeIgniter->handleRequest(NULL, Object(Config\Cache), false)
#7 C:\xampp\htdocs\Job Portal\public\index.php(37): CodeIgniter\CodeIgniter->run()
#8 C:\xampp\htdocs\Job Portal\system\Commands\Server\rewrite.php(43): require_once('C:\\xampp\\htdocs...')
#9 {main}
CRITICAL - 2022-02-06 11:39:35 --> syntax error, unexpected '}', expecting ';'
#0 C:\xampp\htdocs\Job Portal\system\Autoloader\Autoloader.php(241): CodeIgniter\Autoloader\Autoloader->includeFile('C:\\xampp\\htdocs...')
#1 C:\xampp\htdocs\Job Portal\system\Autoloader\Autoloader.php(219): CodeIgniter\Autoloader\Autoloader->loadInNamespace('App\\Controllers...')
#2 [internal function]: CodeIgniter\Autoloader\Autoloader->loadClass('App\\Controllers...')
#3 [internal function]: spl_autoload_call('App\\Controllers...')
#4 C:\xampp\htdocs\Job Portal\system\CodeIgniter.php(790): class_exists('\\App\\Controller...', true)
#5 C:\xampp\htdocs\Job Portal\system\CodeIgniter.php(399): CodeIgniter\CodeIgniter->startController()
#6 C:\xampp\htdocs\Job Portal\system\CodeIgniter.php(320): CodeIgniter\CodeIgniter->handleRequest(NULL, Object(Config\Cache), false)
#7 C:\xampp\htdocs\Job Portal\public\index.php(37): CodeIgniter\CodeIgniter->run()
#8 C:\xampp\htdocs\Job Portal\system\Commands\Server\rewrite.php(43): require_once('C:\\xampp\\htdocs...')
#9 {main}
CRITICAL - 2022-02-06 11:40:38 --> syntax error, unexpected '}', expecting ';'
#0 C:\xampp\htdocs\Job Portal\system\Autoloader\Autoloader.php(241): CodeIgniter\Autoloader\Autoloader->includeFile('C:\\xampp\\htdocs...')
#1 C:\xampp\htdocs\Job Portal\system\Autoloader\Autoloader.php(219): CodeIgniter\Autoloader\Autoloader->loadInNamespace('App\\Controllers...')
#2 [internal function]: CodeIgniter\Autoloader\Autoloader->loadClass('App\\Controllers...')
#3 [internal function]: spl_autoload_call('App\\Controllers...')
#4 C:\xampp\htdocs\Job Portal\system\CodeIgniter.php(790): class_exists('\\App\\Controller...', true)
#5 C:\xampp\htdocs\Job Portal\system\CodeIgniter.php(399): CodeIgniter\CodeIgniter->startController()
#6 C:\xampp\htdocs\Job Portal\system\CodeIgniter.php(320): CodeIgniter\CodeIgniter->handleRequest(NULL, Object(Config\Cache), false)
#7 C:\xampp\htdocs\Job Portal\public\index.php(37): CodeIgniter\CodeIgniter->run()
#8 C:\xampp\htdocs\Job Portal\system\Commands\Server\rewrite.php(43): require_once('C:\\xampp\\htdocs...')
#9 {main}
CRITICAL - 2022-02-06 11:40:40 --> syntax error, unexpected '}', expecting ';'
#0 C:\xampp\htdocs\Job Portal\system\Autoloader\Autoloader.php(241): CodeIgniter\Autoloader\Autoloader->includeFile('C:\\xampp\\htdocs...')
#1 C:\xampp\htdocs\Job Portal\system\Autoloader\Autoloader.php(219): CodeIgniter\Autoloader\Autoloader->loadInNamespace('App\\Controllers...')
#2 [internal function]: CodeIgniter\Autoloader\Autoloader->loadClass('App\\Controllers...')
#3 [internal function]: spl_autoload_call('App\\Controllers...')
#4 C:\xampp\htdocs\Job Portal\system\CodeIgniter.php(790): class_exists('\\App\\Controller...', true)
#5 C:\xampp\htdocs\Job Portal\system\CodeIgniter.php(399): CodeIgniter\CodeIgniter->startController()
#6 C:\xampp\htdocs\Job Portal\system\CodeIgniter.php(320): CodeIgniter\CodeIgniter->handleRequest(NULL, Object(Config\Cache), false)
#7 C:\xampp\htdocs\Job Portal\public\index.php(37): CodeIgniter\CodeIgniter->run()
#8 C:\xampp\htdocs\Job Portal\system\Commands\Server\rewrite.php(43): require_once('C:\\xampp\\htdocs...')
#9 {main}
CRITICAL - 2022-02-06 11:44:43 --> syntax error, unexpected '}', expecting ';'
#0 C:\xampp\htdocs\Job Portal\system\Autoloader\Autoloader.php(241): CodeIgniter\Autoloader\Autoloader->includeFile('C:\\xampp\\htdocs...')
#1 C:\xampp\htdocs\Job Portal\system\Autoloader\Autoloader.php(219): CodeIgniter\Autoloader\Autoloader->loadInNamespace('App\\Controllers...')
#2 [internal function]: CodeIgniter\Autoloader\Autoloader->loadClass('App\\Controllers...')
#3 [internal function]: spl_autoload_call('App\\Controllers...')
#4 C:\xampp\htdocs\Job Portal\system\CodeIgniter.php(790): class_exists('\\App\\Controller...', true)
#5 C:\xampp\htdocs\Job Portal\system\CodeIgniter.php(399): CodeIgniter\CodeIgniter->startController()
#6 C:\xampp\htdocs\Job Portal\system\CodeIgniter.php(320): CodeIgniter\CodeIgniter->handleRequest(NULL, Object(Config\Cache), false)
#7 C:\xampp\htdocs\Job Portal\public\index.php(37): CodeIgniter\CodeIgniter->run()
#8 C:\xampp\htdocs\Job Portal\system\Commands\Server\rewrite.php(43): require_once('C:\\xampp\\htdocs...')
#9 {main}
CRITICAL - 2022-02-06 11:44:46 --> syntax error, unexpected '}', expecting ';'
#0 C:\xampp\htdocs\Job Portal\system\Autoloader\Autoloader.php(241): CodeIgniter\Autoloader\Autoloader->includeFile('C:\\xampp\\htdocs...')
#1 C:\xampp\htdocs\Job Portal\system\Autoloader\Autoloader.php(219): CodeIgniter\Autoloader\Autoloader->loadInNamespace('App\\Controllers...')
#2 [internal function]: CodeIgniter\Autoloader\Autoloader->loadClass('App\\Controllers...')
#3 [internal function]: spl_autoload_call('App\\Controllers...')
#4 C:\xampp\htdocs\Job Portal\system\CodeIgniter.php(790): class_exists('\\App\\Controller...', true)
#5 C:\xampp\htdocs\Job Portal\system\CodeIgniter.php(399): CodeIgniter\CodeIgniter->startController()
#6 C:\xampp\htdocs\Job Portal\system\CodeIgniter.php(320): CodeIgniter\CodeIgniter->handleRequest(NULL, Object(Config\Cache), false)
#7 C:\xampp\htdocs\Job Portal\public\index.php(37): CodeIgniter\CodeIgniter->run()
#8 C:\xampp\htdocs\Job Portal\system\Commands\Server\rewrite.php(43): require_once('C:\\xampp\\htdocs...')
#9 {main}
CRITICAL - 2022-02-06 13:26:18 --> Undefined variable: title
#0 C:\xampp\htdocs\Job Portal\app\Views\LayoutHome\LayoutHomeView.php(11): CodeIgniter\Debug\Exceptions->errorHandler(8, 'Undefined varia...', 'C:\\xampp\\htdocs...', 11, Array)
#1 C:\xampp\htdocs\Job Portal\system\View\View.php(210): include('C:\\xampp\\htdocs...')
#2 C:\xampp\htdocs\Job Portal\system\View\View.php(213): CodeIgniter\View\View->CodeIgniter\View\{closure}()
#3 C:\xampp\htdocs\Job Portal\system\View\View.php(226): CodeIgniter\View\View->render('LayoutHome/Layo...', Array, true)
#4 C:\xampp\htdocs\Job Portal\system\Common.php(1089): CodeIgniter\View\View->render('RegistrationUse...', Array, true)
#5 C:\xampp\htdocs\Job Portal\app\Controllers\RegistrationUser.php(9): view('RegistrationUse...')
#6 C:\xampp\htdocs\Job Portal\system\CodeIgniter.php(825): App\Controllers\RegistrationUser->index()
#7 C:\xampp\htdocs\Job Portal\system\CodeIgniter.php(412): CodeIgniter\CodeIgniter->runController(Object(App\Controllers\RegistrationUser))
#8 C:\xampp\htdocs\Job Portal\system\CodeIgniter.php(320): CodeIgniter\CodeIgniter->handleRequest(NULL, Object(Config\Cache), false)
#9 C:\xampp\htdocs\Job Portal\public\index.php(37): CodeIgniter\CodeIgniter->run()
#10 C:\xampp\htdocs\Job Portal\system\Commands\Server\rewrite.php(43): require_once('C:\\xampp\\htdocs...')
#11 {main}
