CRITICAL - 2022-07-03 10:42:52 --> The action you requested is not allowed.
#0 C:\xampp\htdocs\Job Portal\system\Security\Security.php(289): CodeIgniter\Security\Exceptions\SecurityException::forDisallowedAction()
#1 C:\xampp\htdocs\Job Portal\system\Filters\CSRF.php(53): CodeIgniter\Security\Security->verify(Object(CodeIgniter\HTTP\IncomingRequest))
#2 C:\xampp\htdocs\Job Portal\system\Filters\Filters.php(173): CodeIgniter\Filters\CSRF->before(Object(CodeIgniter\HTTP\IncomingRequest), NULL)
#3 C:\xampp\htdocs\Job Portal\system\CodeIgniter.php(386): CodeIgniter\Filters\Filters->run('dashboard_user/...', 'before')
#4 C:\xampp\htdocs\Job Portal\system\CodeIgniter.php(320): CodeIgniter\CodeIgniter->handleRequest(NULL, Object(Config\Cache), false)
#5 C:\xampp\htdocs\Job Portal\public\index.php(37): CodeIgniter\CodeIgniter->run()
#6 C:\xampp\htdocs\Job Portal\system\Commands\Server\rewrite.php(43): require_once('C:\\xampp\\htdocs...')
#7 {main}
CRITICAL - 2022-07-03 10:42:53 --> The action you requested is not allowed.
#0 C:\xampp\htdocs\Job Portal\system\Security\Security.php(289): CodeIgniter\Security\Exceptions\SecurityException::forDisallowedAction()
#1 C:\xampp\htdocs\Job Portal\system\Filters\CSRF.php(53): CodeIgniter\Security\Security->verify(Object(CodeIgniter\HTTP\IncomingRequest))
#2 C:\xampp\htdocs\Job Portal\system\Filters\Filters.php(173): CodeIgniter\Filters\CSRF->before(Object(CodeIgniter\HTTP\IncomingRequest), NULL)
#3 C:\xampp\htdocs\Job Portal\system\CodeIgniter.php(386): CodeIgniter\Filters\Filters->run('dashboard_user/...', 'before')
#4 C:\xampp\htdocs\Job Portal\system\CodeIgniter.php(320): CodeIgniter\CodeIgniter->handleRequest(NULL, Object(Config\Cache), false)
#5 C:\xampp\htdocs\Job Portal\public\index.php(37): CodeIgniter\CodeIgniter->run()
#6 C:\xampp\htdocs\Job Portal\system\Commands\Server\rewrite.php(43): require_once('C:\\xampp\\htdocs...')
#7 {main}
CRITICAL - 2022-07-03 10:42:56 --> The action you requested is not allowed.
#0 C:\xampp\htdocs\Job Portal\system\Security\Security.php(289): CodeIgniter\Security\Exceptions\SecurityException::forDisallowedAction()
#1 C:\xampp\htdocs\Job Portal\system\Filters\CSRF.php(53): CodeIgniter\Security\Security->verify(Object(CodeIgniter\HTTP\IncomingRequest))
#2 C:\xampp\htdocs\Job Portal\system\Filters\Filters.php(173): CodeIgniter\Filters\CSRF->before(Object(CodeIgniter\HTTP\IncomingRequest), NULL)
#3 C:\xampp\htdocs\Job Portal\system\CodeIgniter.php(386): CodeIgniter\Filters\Filters->run('dashboard_user/...', 'before')
#4 C:\xampp\htdocs\Job Portal\system\CodeIgniter.php(320): CodeIgniter\CodeIgniter->handleRequest(NULL, Object(Config\Cache), false)
#5 C:\xampp\htdocs\Job Portal\public\index.php(37): CodeIgniter\CodeIgniter->run()
#6 C:\xampp\htdocs\Job Portal\system\Commands\Server\rewrite.php(43): require_once('C:\\xampp\\htdocs...')
#7 {main}
CRITICAL - 2022-07-03 10:42:57 --> The action you requested is not allowed.
#0 C:\xampp\htdocs\Job Portal\system\Security\Security.php(289): CodeIgniter\Security\Exceptions\SecurityException::forDisallowedAction()
#1 C:\xampp\htdocs\Job Portal\system\Filters\CSRF.php(53): CodeIgniter\Security\Security->verify(Object(CodeIgniter\HTTP\IncomingRequest))
#2 C:\xampp\htdocs\Job Portal\system\Filters\Filters.php(173): CodeIgniter\Filters\CSRF->before(Object(CodeIgniter\HTTP\IncomingRequest), NULL)
#3 C:\xampp\htdocs\Job Portal\system\CodeIgniter.php(386): CodeIgniter\Filters\Filters->run('dashboard_user/...', 'before')
#4 C:\xampp\htdocs\Job Portal\system\CodeIgniter.php(320): CodeIgniter\CodeIgniter->handleRequest(NULL, Object(Config\Cache), false)
#5 C:\xampp\htdocs\Job Portal\public\index.php(37): CodeIgniter\CodeIgniter->run()
#6 C:\xampp\htdocs\Job Portal\system\Commands\Server\rewrite.php(43): require_once('C:\\xampp\\htdocs...')
#7 {main}
CRITICAL - 2022-07-03 10:45:12 --> Undefined property: CodeIgniter\View\View::$security
#0 C:\xampp\htdocs\Job Portal\app\Views\DashboardUser\ProfileUser\ProfileView.php(37): CodeIgniter\Debug\Exceptions->errorHandler(8, 'Undefined prope...', 'C:\\xampp\\htdocs...', 37, Array)
#1 C:\xampp\htdocs\Job Portal\system\View\View.php(210): include('C:\\xampp\\htdocs...')
#2 C:\xampp\htdocs\Job Portal\system\View\View.php(213): CodeIgniter\View\View->CodeIgniter\View\{closure}()
#3 C:\xampp\htdocs\Job Portal\system\Common.php(1089): CodeIgniter\View\View->render('DashboardUser/P...', Array, true)
#4 C:\xampp\htdocs\Job Portal\app\Controllers\UserDashboard.php(35): view('DashboardUser/P...', Array)
#5 C:\xampp\htdocs\Job Portal\system\CodeIgniter.php(825): App\Controllers\UserDashboard->user()
#6 C:\xampp\htdocs\Job Portal\system\CodeIgniter.php(412): CodeIgniter\CodeIgniter->runController(Object(App\Controllers\UserDashboard))
#7 C:\xampp\htdocs\Job Portal\system\CodeIgniter.php(320): CodeIgniter\CodeIgniter->handleRequest(NULL, Object(Config\Cache), false)
#8 C:\xampp\htdocs\Job Portal\public\index.php(37): CodeIgniter\CodeIgniter->run()
#9 C:\xampp\htdocs\Job Portal\system\Commands\Server\rewrite.php(43): require_once('C:\\xampp\\htdocs...')
#10 {main}
CRITICAL - 2022-07-03 10:48:37 --> Undefined property: CodeIgniter\View\View::$security
#0 C:\xampp\htdocs\Job Portal\app\Views\DashboardUser\ProfileUser\ProfileView.php(37): CodeIgniter\Debug\Exceptions->errorHandler(8, 'Undefined prope...', 'C:\\xampp\\htdocs...', 37, Array)
#1 C:\xampp\htdocs\Job Portal\system\View\View.php(210): include('C:\\xampp\\htdocs...')
#2 C:\xampp\htdocs\Job Portal\system\View\View.php(213): CodeIgniter\View\View->CodeIgniter\View\{closure}()
#3 C:\xampp\htdocs\Job Portal\system\Common.php(1089): CodeIgniter\View\View->render('DashboardUser/P...', Array, true)
#4 C:\xampp\htdocs\Job Portal\app\Controllers\UserDashboard.php(35): view('DashboardUser/P...', Array)
#5 C:\xampp\htdocs\Job Portal\system\CodeIgniter.php(825): App\Controllers\UserDashboard->user()
#6 C:\xampp\htdocs\Job Portal\system\CodeIgniter.php(412): CodeIgniter\CodeIgniter->runController(Object(App\Controllers\UserDashboard))
#7 C:\xampp\htdocs\Job Portal\system\CodeIgniter.php(320): CodeIgniter\CodeIgniter->handleRequest(NULL, Object(Config\Cache), false)
#8 C:\xampp\htdocs\Job Portal\public\index.php(37): CodeIgniter\CodeIgniter->run()
#9 C:\xampp\htdocs\Job Portal\system\Commands\Server\rewrite.php(43): require_once('C:\\xampp\\htdocs...')
#10 {main}
CRITICAL - 2022-07-03 10:51:27 --> The action you requested is not allowed.
#0 C:\xampp\htdocs\Job Portal\system\Security\Security.php(289): CodeIgniter\Security\Exceptions\SecurityException::forDisallowedAction()
#1 C:\xampp\htdocs\Job Portal\system\Filters\CSRF.php(53): CodeIgniter\Security\Security->verify(Object(CodeIgniter\HTTP\IncomingRequest))
#2 C:\xampp\htdocs\Job Portal\system\Filters\Filters.php(173): CodeIgniter\Filters\CSRF->before(Object(CodeIgniter\HTTP\IncomingRequest), NULL)
#3 C:\xampp\htdocs\Job Portal\system\CodeIgniter.php(386): CodeIgniter\Filters\Filters->run('dashboard_user/...', 'before')
#4 C:\xampp\htdocs\Job Portal\system\CodeIgniter.php(320): CodeIgniter\CodeIgniter->handleRequest(NULL, Object(Config\Cache), false)
#5 C:\xampp\htdocs\Job Portal\public\index.php(37): CodeIgniter\CodeIgniter->run()
#6 C:\xampp\htdocs\Job Portal\system\Commands\Server\rewrite.php(43): require_once('C:\\xampp\\htdocs...')
#7 {main}
CRITICAL - 2022-07-03 10:51:29 --> The action you requested is not allowed.
#0 C:\xampp\htdocs\Job Portal\system\Security\Security.php(289): CodeIgniter\Security\Exceptions\SecurityException::forDisallowedAction()
#1 C:\xampp\htdocs\Job Portal\system\Filters\CSRF.php(53): CodeIgniter\Security\Security->verify(Object(CodeIgniter\HTTP\IncomingRequest))
#2 C:\xampp\htdocs\Job Portal\system\Filters\Filters.php(173): CodeIgniter\Filters\CSRF->before(Object(CodeIgniter\HTTP\IncomingRequest), NULL)
#3 C:\xampp\htdocs\Job Portal\system\CodeIgniter.php(386): CodeIgniter\Filters\Filters->run('dashboard_user/...', 'before')
#4 C:\xampp\htdocs\Job Portal\system\CodeIgniter.php(320): CodeIgniter\CodeIgniter->handleRequest(NULL, Object(Config\Cache), false)
#5 C:\xampp\htdocs\Job Portal\public\index.php(37): CodeIgniter\CodeIgniter->run()
#6 C:\xampp\htdocs\Job Portal\system\Commands\Server\rewrite.php(43): require_once('C:\\xampp\\htdocs...')
#7 {main}
CRITICAL - 2022-07-03 10:51:30 --> The action you requested is not allowed.
#0 C:\xampp\htdocs\Job Portal\system\Security\Security.php(289): CodeIgniter\Security\Exceptions\SecurityException::forDisallowedAction()
#1 C:\xampp\htdocs\Job Portal\system\Filters\CSRF.php(53): CodeIgniter\Security\Security->verify(Object(CodeIgniter\HTTP\IncomingRequest))
#2 C:\xampp\htdocs\Job Portal\system\Filters\Filters.php(173): CodeIgniter\Filters\CSRF->before(Object(CodeIgniter\HTTP\IncomingRequest), NULL)
#3 C:\xampp\htdocs\Job Portal\system\CodeIgniter.php(386): CodeIgniter\Filters\Filters->run('dashboard_user/...', 'before')
#4 C:\xampp\htdocs\Job Portal\system\CodeIgniter.php(320): CodeIgniter\CodeIgniter->handleRequest(NULL, Object(Config\Cache), false)
#5 C:\xampp\htdocs\Job Portal\public\index.php(37): CodeIgniter\CodeIgniter->run()
#6 C:\xampp\htdocs\Job Portal\system\Commands\Server\rewrite.php(43): require_once('C:\\xampp\\htdocs...')
#7 {main}
CRITICAL - 2022-07-03 20:43:49 --> The action you requested is not allowed.
#0 C:\xampp\htdocs\Job Portal\system\Security\Security.php(289): CodeIgniter\Security\Exceptions\SecurityException::forDisallowedAction()
#1 C:\xampp\htdocs\Job Portal\system\Filters\CSRF.php(53): CodeIgniter\Security\Security->verify(Object(CodeIgniter\HTTP\IncomingRequest))
#2 C:\xampp\htdocs\Job Portal\system\Filters\Filters.php(173): CodeIgniter\Filters\CSRF->before(Object(CodeIgniter\HTTP\IncomingRequest), NULL)
#3 C:\xampp\htdocs\Job Portal\system\CodeIgniter.php(386): CodeIgniter\Filters\Filters->run('dashboard_user/...', 'before')
#4 C:\xampp\htdocs\Job Portal\system\CodeIgniter.php(320): CodeIgniter\CodeIgniter->handleRequest(NULL, Object(Config\Cache), false)
#5 C:\xampp\htdocs\Job Portal\public\index.php(37): CodeIgniter\CodeIgniter->run()
#6 C:\xampp\htdocs\Job Portal\system\Commands\Server\rewrite.php(43): require_once('C:\\xampp\\htdocs...')
#7 {main}
CRITICAL - 2022-07-03 20:43:54 --> The action you requested is not allowed.
#0 C:\xampp\htdocs\Job Portal\system\Security\Security.php(289): CodeIgniter\Security\Exceptions\SecurityException::forDisallowedAction()
#1 C:\xampp\htdocs\Job Portal\system\Filters\CSRF.php(53): CodeIgniter\Security\Security->verify(Object(CodeIgniter\HTTP\IncomingRequest))
#2 C:\xampp\htdocs\Job Portal\system\Filters\Filters.php(173): CodeIgniter\Filters\CSRF->before(Object(CodeIgniter\HTTP\IncomingRequest), NULL)
#3 C:\xampp\htdocs\Job Portal\system\CodeIgniter.php(386): CodeIgniter\Filters\Filters->run('dashboard_user/...', 'before')
#4 C:\xampp\htdocs\Job Portal\system\CodeIgniter.php(320): CodeIgniter\CodeIgniter->handleRequest(NULL, Object(Config\Cache), false)
#5 C:\xampp\htdocs\Job Portal\public\index.php(37): CodeIgniter\CodeIgniter->run()
#6 C:\xampp\htdocs\Job Portal\system\Commands\Server\rewrite.php(43): require_once('C:\\xampp\\htdocs...')
#7 {main}
CRITICAL - 2022-07-03 20:52:11 --> The action you requested is not allowed.
#0 C:\xampp\htdocs\Job Portal\system\Security\Security.php(289): CodeIgniter\Security\Exceptions\SecurityException::forDisallowedAction()
#1 C:\xampp\htdocs\Job Portal\system\Filters\CSRF.php(53): CodeIgniter\Security\Security->verify(Object(CodeIgniter\HTTP\IncomingRequest))
#2 C:\xampp\htdocs\Job Portal\system\Filters\Filters.php(173): CodeIgniter\Filters\CSRF->before(Object(CodeIgniter\HTTP\IncomingRequest), NULL)
#3 C:\xampp\htdocs\Job Portal\system\CodeIgniter.php(386): CodeIgniter\Filters\Filters->run('dashboard_user/...', 'before')
#4 C:\xampp\htdocs\Job Portal\system\CodeIgniter.php(320): CodeIgniter\CodeIgniter->handleRequest(NULL, Object(Config\Cache), false)
#5 C:\xampp\htdocs\Job Portal\public\index.php(37): CodeIgniter\CodeIgniter->run()
#6 C:\xampp\htdocs\Job Portal\system\Commands\Server\rewrite.php(43): require_once('C:\\xampp\\htdocs...')
#7 {main}
CRITICAL - 2022-07-03 20:52:14 --> The action you requested is not allowed.
#0 C:\xampp\htdocs\Job Portal\system\Security\Security.php(289): CodeIgniter\Security\Exceptions\SecurityException::forDisallowedAction()
#1 C:\xampp\htdocs\Job Portal\system\Filters\CSRF.php(53): CodeIgniter\Security\Security->verify(Object(CodeIgniter\HTTP\IncomingRequest))
#2 C:\xampp\htdocs\Job Portal\system\Filters\Filters.php(173): CodeIgniter\Filters\CSRF->before(Object(CodeIgniter\HTTP\IncomingRequest), NULL)
#3 C:\xampp\htdocs\Job Portal\system\CodeIgniter.php(386): CodeIgniter\Filters\Filters->run('dashboard_user/...', 'before')
#4 C:\xampp\htdocs\Job Portal\system\CodeIgniter.php(320): CodeIgniter\CodeIgniter->handleRequest(NULL, Object(Config\Cache), false)
#5 C:\xampp\htdocs\Job Portal\public\index.php(37): CodeIgniter\CodeIgniter->run()
#6 C:\xampp\htdocs\Job Portal\system\Commands\Server\rewrite.php(43): require_once('C:\\xampp\\htdocs...')
#7 {main}
CRITICAL - 2022-07-03 20:52:43 --> The action you requested is not allowed.
#0 C:\xampp\htdocs\Job Portal\system\Security\Security.php(289): CodeIgniter\Security\Exceptions\SecurityException::forDisallowedAction()
#1 C:\xampp\htdocs\Job Portal\system\Filters\CSRF.php(53): CodeIgniter\Security\Security->verify(Object(CodeIgniter\HTTP\IncomingRequest))
#2 C:\xampp\htdocs\Job Portal\system\Filters\Filters.php(173): CodeIgniter\Filters\CSRF->before(Object(CodeIgniter\HTTP\IncomingRequest), NULL)
#3 C:\xampp\htdocs\Job Portal\system\CodeIgniter.php(386): CodeIgniter\Filters\Filters->run('dashboard_user/...', 'before')
#4 C:\xampp\htdocs\Job Portal\system\CodeIgniter.php(320): CodeIgniter\CodeIgniter->handleRequest(NULL, Object(Config\Cache), false)
#5 C:\xampp\htdocs\Job Portal\public\index.php(37): CodeIgniter\CodeIgniter->run()
#6 C:\xampp\htdocs\Job Portal\system\Commands\Server\rewrite.php(43): require_once('C:\\xampp\\htdocs...')
#7 {main}
CRITICAL - 2022-07-03 20:52:45 --> The action you requested is not allowed.
#0 C:\xampp\htdocs\Job Portal\system\Security\Security.php(289): CodeIgniter\Security\Exceptions\SecurityException::forDisallowedAction()
#1 C:\xampp\htdocs\Job Portal\system\Filters\CSRF.php(53): CodeIgniter\Security\Security->verify(Object(CodeIgniter\HTTP\IncomingRequest))
#2 C:\xampp\htdocs\Job Portal\system\Filters\Filters.php(173): CodeIgniter\Filters\CSRF->before(Object(CodeIgniter\HTTP\IncomingRequest), NULL)
#3 C:\xampp\htdocs\Job Portal\system\CodeIgniter.php(386): CodeIgniter\Filters\Filters->run('dashboard_user/...', 'before')
#4 C:\xampp\htdocs\Job Portal\system\CodeIgniter.php(320): CodeIgniter\CodeIgniter->handleRequest(NULL, Object(Config\Cache), false)
#5 C:\xampp\htdocs\Job Portal\public\index.php(37): CodeIgniter\CodeIgniter->run()
#6 C:\xampp\htdocs\Job Portal\system\Commands\Server\rewrite.php(43): require_once('C:\\xampp\\htdocs...')
#7 {main}
CRITICAL - 2022-07-03 20:52:45 --> The action you requested is not allowed.
#0 C:\xampp\htdocs\Job Portal\system\Security\Security.php(289): CodeIgniter\Security\Exceptions\SecurityException::forDisallowedAction()
#1 C:\xampp\htdocs\Job Portal\system\Filters\CSRF.php(53): CodeIgniter\Security\Security->verify(Object(CodeIgniter\HTTP\IncomingRequest))
#2 C:\xampp\htdocs\Job Portal\system\Filters\Filters.php(173): CodeIgniter\Filters\CSRF->before(Object(CodeIgniter\HTTP\IncomingRequest), NULL)
#3 C:\xampp\htdocs\Job Portal\system\CodeIgniter.php(386): CodeIgniter\Filters\Filters->run('dashboard_user/...', 'before')
#4 C:\xampp\htdocs\Job Portal\system\CodeIgniter.php(320): CodeIgniter\CodeIgniter->handleRequest(NULL, Object(Config\Cache), false)
#5 C:\xampp\htdocs\Job Portal\public\index.php(37): CodeIgniter\CodeIgniter->run()
#6 C:\xampp\htdocs\Job Portal\system\Commands\Server\rewrite.php(43): require_once('C:\\xampp\\htdocs...')
#7 {main}
CRITICAL - 2022-07-03 20:52:47 --> The action you requested is not allowed.
#0 C:\xampp\htdocs\Job Portal\system\Security\Security.php(289): CodeIgniter\Security\Exceptions\SecurityException::forDisallowedAction()
#1 C:\xampp\htdocs\Job Portal\system\Filters\CSRF.php(53): CodeIgniter\Security\Security->verify(Object(CodeIgniter\HTTP\IncomingRequest))
#2 C:\xampp\htdocs\Job Portal\system\Filters\Filters.php(173): CodeIgniter\Filters\CSRF->before(Object(CodeIgniter\HTTP\IncomingRequest), NULL)
#3 C:\xampp\htdocs\Job Portal\system\CodeIgniter.php(386): CodeIgniter\Filters\Filters->run('dashboard_user/...', 'before')
#4 C:\xampp\htdocs\Job Portal\system\CodeIgniter.php(320): CodeIgniter\CodeIgniter->handleRequest(NULL, Object(Config\Cache), false)
#5 C:\xampp\htdocs\Job Portal\public\index.php(37): CodeIgniter\CodeIgniter->run()
#6 C:\xampp\htdocs\Job Portal\system\Commands\Server\rewrite.php(43): require_once('C:\\xampp\\htdocs...')
#7 {main}
CRITICAL - 2022-07-03 20:53:18 --> The action you requested is not allowed.
#0 C:\xampp\htdocs\Job Portal\system\Security\Security.php(289): CodeIgniter\Security\Exceptions\SecurityException::forDisallowedAction()
#1 C:\xampp\htdocs\Job Portal\system\Filters\CSRF.php(53): CodeIgniter\Security\Security->verify(Object(CodeIgniter\HTTP\IncomingRequest))
#2 C:\xampp\htdocs\Job Portal\system\Filters\Filters.php(173): CodeIgniter\Filters\CSRF->before(Object(CodeIgniter\HTTP\IncomingRequest), NULL)
#3 C:\xampp\htdocs\Job Portal\system\CodeIgniter.php(386): CodeIgniter\Filters\Filters->run('dashboard_user/...', 'before')
#4 C:\xampp\htdocs\Job Portal\system\CodeIgniter.php(320): CodeIgniter\CodeIgniter->handleRequest(NULL, Object(Config\Cache), false)
#5 C:\xampp\htdocs\Job Portal\public\index.php(37): CodeIgniter\CodeIgniter->run()
#6 C:\xampp\htdocs\Job Portal\system\Commands\Server\rewrite.php(43): require_once('C:\\xampp\\htdocs...')
#7 {main}
CRITICAL - 2022-07-03 20:54:29 --> The action you requested is not allowed.
#0 C:\xampp\htdocs\Job Portal\system\Security\Security.php(289): CodeIgniter\Security\Exceptions\SecurityException::forDisallowedAction()
#1 C:\xampp\htdocs\Job Portal\system\Filters\CSRF.php(53): CodeIgniter\Security\Security->verify(Object(CodeIgniter\HTTP\IncomingRequest))
#2 C:\xampp\htdocs\Job Portal\system\Filters\Filters.php(173): CodeIgniter\Filters\CSRF->before(Object(CodeIgniter\HTTP\IncomingRequest), NULL)
#3 C:\xampp\htdocs\Job Portal\system\CodeIgniter.php(386): CodeIgniter\Filters\Filters->run('dashboard_user/...', 'before')
#4 C:\xampp\htdocs\Job Portal\system\CodeIgniter.php(320): CodeIgniter\CodeIgniter->handleRequest(NULL, Object(Config\Cache), false)
#5 C:\xampp\htdocs\Job Portal\public\index.php(37): CodeIgniter\CodeIgniter->run()
#6 C:\xampp\htdocs\Job Portal\system\Commands\Server\rewrite.php(43): require_once('C:\\xampp\\htdocs...')
#7 {main}
CRITICAL - 2022-07-03 20:54:30 --> The action you requested is not allowed.
#0 C:\xampp\htdocs\Job Portal\system\Security\Security.php(289): CodeIgniter\Security\Exceptions\SecurityException::forDisallowedAction()
#1 C:\xampp\htdocs\Job Portal\system\Filters\CSRF.php(53): CodeIgniter\Security\Security->verify(Object(CodeIgniter\HTTP\IncomingRequest))
#2 C:\xampp\htdocs\Job Portal\system\Filters\Filters.php(173): CodeIgniter\Filters\CSRF->before(Object(CodeIgniter\HTTP\IncomingRequest), NULL)
#3 C:\xampp\htdocs\Job Portal\system\CodeIgniter.php(386): CodeIgniter\Filters\Filters->run('dashboard_user/...', 'before')
#4 C:\xampp\htdocs\Job Portal\system\CodeIgniter.php(320): CodeIgniter\CodeIgniter->handleRequest(NULL, Object(Config\Cache), false)
#5 C:\xampp\htdocs\Job Portal\public\index.php(37): CodeIgniter\CodeIgniter->run()
#6 C:\xampp\htdocs\Job Portal\system\Commands\Server\rewrite.php(43): require_once('C:\\xampp\\htdocs...')
#7 {main}
CRITICAL - 2022-07-03 20:54:31 --> The action you requested is not allowed.
#0 C:\xampp\htdocs\Job Portal\system\Security\Security.php(289): CodeIgniter\Security\Exceptions\SecurityException::forDisallowedAction()
#1 C:\xampp\htdocs\Job Portal\system\Filters\CSRF.php(53): CodeIgniter\Security\Security->verify(Object(CodeIgniter\HTTP\IncomingRequest))
#2 C:\xampp\htdocs\Job Portal\system\Filters\Filters.php(173): CodeIgniter\Filters\CSRF->before(Object(CodeIgniter\HTTP\IncomingRequest), NULL)
#3 C:\xampp\htdocs\Job Portal\system\CodeIgniter.php(386): CodeIgniter\Filters\Filters->run('dashboard_user/...', 'before')
#4 C:\xampp\htdocs\Job Portal\system\CodeIgniter.php(320): CodeIgniter\CodeIgniter->handleRequest(NULL, Object(Config\Cache), false)
#5 C:\xampp\htdocs\Job Portal\public\index.php(37): CodeIgniter\CodeIgniter->run()
#6 C:\xampp\htdocs\Job Portal\system\Commands\Server\rewrite.php(43): require_once('C:\\xampp\\htdocs...')
#7 {main}
CRITICAL - 2022-07-03 20:56:48 --> The action you requested is not allowed.
#0 C:\xampp\htdocs\Job Portal\system\Security\Security.php(289): CodeIgniter\Security\Exceptions\SecurityException::forDisallowedAction()
#1 C:\xampp\htdocs\Job Portal\system\Filters\CSRF.php(53): CodeIgniter\Security\Security->verify(Object(CodeIgniter\HTTP\IncomingRequest))
#2 C:\xampp\htdocs\Job Portal\system\Filters\Filters.php(173): CodeIgniter\Filters\CSRF->before(Object(CodeIgniter\HTTP\IncomingRequest), NULL)
#3 C:\xampp\htdocs\Job Portal\system\CodeIgniter.php(386): CodeIgniter\Filters\Filters->run('dashboard_user/...', 'before')
#4 C:\xampp\htdocs\Job Portal\system\CodeIgniter.php(320): CodeIgniter\CodeIgniter->handleRequest(NULL, Object(Config\Cache), false)
#5 C:\xampp\htdocs\Job Portal\public\index.php(37): CodeIgniter\CodeIgniter->run()
#6 C:\xampp\htdocs\Job Portal\system\Commands\Server\rewrite.php(43): require_once('C:\\xampp\\htdocs...')
#7 {main}
CRITICAL - 2022-07-03 20:56:49 --> The action you requested is not allowed.
#0 C:\xampp\htdocs\Job Portal\system\Security\Security.php(289): CodeIgniter\Security\Exceptions\SecurityException::forDisallowedAction()
#1 C:\xampp\htdocs\Job Portal\system\Filters\CSRF.php(53): CodeIgniter\Security\Security->verify(Object(CodeIgniter\HTTP\IncomingRequest))
#2 C:\xampp\htdocs\Job Portal\system\Filters\Filters.php(173): CodeIgniter\Filters\CSRF->before(Object(CodeIgniter\HTTP\IncomingRequest), NULL)
#3 C:\xampp\htdocs\Job Portal\system\CodeIgniter.php(386): CodeIgniter\Filters\Filters->run('dashboard_user/...', 'before')
#4 C:\xampp\htdocs\Job Portal\system\CodeIgniter.php(320): CodeIgniter\CodeIgniter->handleRequest(NULL, Object(Config\Cache), false)
#5 C:\xampp\htdocs\Job Portal\public\index.php(37): CodeIgniter\CodeIgniter->run()
#6 C:\xampp\htdocs\Job Portal\system\Commands\Server\rewrite.php(43): require_once('C:\\xampp\\htdocs...')
#7 {main}
CRITICAL - 2022-07-03 20:56:50 --> The action you requested is not allowed.
#0 C:\xampp\htdocs\Job Portal\system\Security\Security.php(289): CodeIgniter\Security\Exceptions\SecurityException::forDisallowedAction()
#1 C:\xampp\htdocs\Job Portal\system\Filters\CSRF.php(53): CodeIgniter\Security\Security->verify(Object(CodeIgniter\HTTP\IncomingRequest))
#2 C:\xampp\htdocs\Job Portal\system\Filters\Filters.php(173): CodeIgniter\Filters\CSRF->before(Object(CodeIgniter\HTTP\IncomingRequest), NULL)
#3 C:\xampp\htdocs\Job Portal\system\CodeIgniter.php(386): CodeIgniter\Filters\Filters->run('dashboard_user/...', 'before')
#4 C:\xampp\htdocs\Job Portal\system\CodeIgniter.php(320): CodeIgniter\CodeIgniter->handleRequest(NULL, Object(Config\Cache), false)
#5 C:\xampp\htdocs\Job Portal\public\index.php(37): CodeIgniter\CodeIgniter->run()
#6 C:\xampp\htdocs\Job Portal\system\Commands\Server\rewrite.php(43): require_once('C:\\xampp\\htdocs...')
#7 {main}
CRITICAL - 2022-07-03 20:56:51 --> The action you requested is not allowed.
#0 C:\xampp\htdocs\Job Portal\system\Security\Security.php(289): CodeIgniter\Security\Exceptions\SecurityException::forDisallowedAction()
#1 C:\xampp\htdocs\Job Portal\system\Filters\CSRF.php(53): CodeIgniter\Security\Security->verify(Object(CodeIgniter\HTTP\IncomingRequest))
#2 C:\xampp\htdocs\Job Portal\system\Filters\Filters.php(173): CodeIgniter\Filters\CSRF->before(Object(CodeIgniter\HTTP\IncomingRequest), NULL)
#3 C:\xampp\htdocs\Job Portal\system\CodeIgniter.php(386): CodeIgniter\Filters\Filters->run('dashboard_user/...', 'before')
#4 C:\xampp\htdocs\Job Portal\system\CodeIgniter.php(320): CodeIgniter\CodeIgniter->handleRequest(NULL, Object(Config\Cache), false)
#5 C:\xampp\htdocs\Job Portal\public\index.php(37): CodeIgniter\CodeIgniter->run()
#6 C:\xampp\htdocs\Job Portal\system\Commands\Server\rewrite.php(43): require_once('C:\\xampp\\htdocs...')
#7 {main}
CRITICAL - 2022-07-03 20:57:16 --> The action you requested is not allowed.
#0 C:\xampp\htdocs\Job Portal\system\Security\Security.php(289): CodeIgniter\Security\Exceptions\SecurityException::forDisallowedAction()
#1 C:\xampp\htdocs\Job Portal\system\Filters\CSRF.php(53): CodeIgniter\Security\Security->verify(Object(CodeIgniter\HTTP\IncomingRequest))
#2 C:\xampp\htdocs\Job Portal\system\Filters\Filters.php(173): CodeIgniter\Filters\CSRF->before(Object(CodeIgniter\HTTP\IncomingRequest), NULL)
#3 C:\xampp\htdocs\Job Portal\system\CodeIgniter.php(386): CodeIgniter\Filters\Filters->run('dashboard_user/...', 'before')
#4 C:\xampp\htdocs\Job Portal\system\CodeIgniter.php(320): CodeIgniter\CodeIgniter->handleRequest(NULL, Object(Config\Cache), false)
#5 C:\xampp\htdocs\Job Portal\public\index.php(37): CodeIgniter\CodeIgniter->run()
#6 C:\xampp\htdocs\Job Portal\system\Commands\Server\rewrite.php(43): require_once('C:\\xampp\\htdocs...')
#7 {main}
CRITICAL - 2022-07-03 20:59:23 --> The action you requested is not allowed.
#0 C:\xampp\htdocs\Job Portal\system\Security\Security.php(289): CodeIgniter\Security\Exceptions\SecurityException::forDisallowedAction()
#1 C:\xampp\htdocs\Job Portal\system\Filters\CSRF.php(53): CodeIgniter\Security\Security->verify(Object(CodeIgniter\HTTP\IncomingRequest))
#2 C:\xampp\htdocs\Job Portal\system\Filters\Filters.php(173): CodeIgniter\Filters\CSRF->before(Object(CodeIgniter\HTTP\IncomingRequest), NULL)
#3 C:\xampp\htdocs\Job Portal\system\CodeIgniter.php(386): CodeIgniter\Filters\Filters->run('dashboard_user/...', 'before')
#4 C:\xampp\htdocs\Job Portal\system\CodeIgniter.php(320): CodeIgniter\CodeIgniter->handleRequest(NULL, Object(Config\Cache), false)
#5 C:\xampp\htdocs\Job Portal\public\index.php(37): CodeIgniter\CodeIgniter->run()
#6 C:\xampp\htdocs\Job Portal\system\Commands\Server\rewrite.php(43): require_once('C:\\xampp\\htdocs...')
#7 {main}
CRITICAL - 2022-07-03 20:59:24 --> The action you requested is not allowed.
#0 C:\xampp\htdocs\Job Portal\system\Security\Security.php(289): CodeIgniter\Security\Exceptions\SecurityException::forDisallowedAction()
#1 C:\xampp\htdocs\Job Portal\system\Filters\CSRF.php(53): CodeIgniter\Security\Security->verify(Object(CodeIgniter\HTTP\IncomingRequest))
#2 C:\xampp\htdocs\Job Portal\system\Filters\Filters.php(173): CodeIgniter\Filters\CSRF->before(Object(CodeIgniter\HTTP\IncomingRequest), NULL)
#3 C:\xampp\htdocs\Job Portal\system\CodeIgniter.php(386): CodeIgniter\Filters\Filters->run('dashboard_user/...', 'before')
#4 C:\xampp\htdocs\Job Portal\system\CodeIgniter.php(320): CodeIgniter\CodeIgniter->handleRequest(NULL, Object(Config\Cache), false)
#5 C:\xampp\htdocs\Job Portal\public\index.php(37): CodeIgniter\CodeIgniter->run()
#6 C:\xampp\htdocs\Job Portal\system\Commands\Server\rewrite.php(43): require_once('C:\\xampp\\htdocs...')
#7 {main}
CRITICAL - 2022-07-03 20:59:25 --> The action you requested is not allowed.
#0 C:\xampp\htdocs\Job Portal\system\Security\Security.php(289): CodeIgniter\Security\Exceptions\SecurityException::forDisallowedAction()
#1 C:\xampp\htdocs\Job Portal\system\Filters\CSRF.php(53): CodeIgniter\Security\Security->verify(Object(CodeIgniter\HTTP\IncomingRequest))
#2 C:\xampp\htdocs\Job Portal\system\Filters\Filters.php(173): CodeIgniter\Filters\CSRF->before(Object(CodeIgniter\HTTP\IncomingRequest), NULL)
#3 C:\xampp\htdocs\Job Portal\system\CodeIgniter.php(386): CodeIgniter\Filters\Filters->run('dashboard_user/...', 'before')
#4 C:\xampp\htdocs\Job Portal\system\CodeIgniter.php(320): CodeIgniter\CodeIgniter->handleRequest(NULL, Object(Config\Cache), false)
#5 C:\xampp\htdocs\Job Portal\public\index.php(37): CodeIgniter\CodeIgniter->run()
#6 C:\xampp\htdocs\Job Portal\system\Commands\Server\rewrite.php(43): require_once('C:\\xampp\\htdocs...')
#7 {main}
CRITICAL - 2022-07-03 20:59:26 --> The action you requested is not allowed.
#0 C:\xampp\htdocs\Job Portal\system\Security\Security.php(289): CodeIgniter\Security\Exceptions\SecurityException::forDisallowedAction()
#1 C:\xampp\htdocs\Job Portal\system\Filters\CSRF.php(53): CodeIgniter\Security\Security->verify(Object(CodeIgniter\HTTP\IncomingRequest))
#2 C:\xampp\htdocs\Job Portal\system\Filters\Filters.php(173): CodeIgniter\Filters\CSRF->before(Object(CodeIgniter\HTTP\IncomingRequest), NULL)
#3 C:\xampp\htdocs\Job Portal\system\CodeIgniter.php(386): CodeIgniter\Filters\Filters->run('dashboard_user/...', 'before')
#4 C:\xampp\htdocs\Job Portal\system\CodeIgniter.php(320): CodeIgniter\CodeIgniter->handleRequest(NULL, Object(Config\Cache), false)
#5 C:\xampp\htdocs\Job Portal\public\index.php(37): CodeIgniter\CodeIgniter->run()
#6 C:\xampp\htdocs\Job Portal\system\Commands\Server\rewrite.php(43): require_once('C:\\xampp\\htdocs...')
#7 {main}
CRITICAL - 2022-07-03 20:59:27 --> The action you requested is not allowed.
#0 C:\xampp\htdocs\Job Portal\system\Security\Security.php(289): CodeIgniter\Security\Exceptions\SecurityException::forDisallowedAction()
#1 C:\xampp\htdocs\Job Portal\system\Filters\CSRF.php(53): CodeIgniter\Security\Security->verify(Object(CodeIgniter\HTTP\IncomingRequest))
#2 C:\xampp\htdocs\Job Portal\system\Filters\Filters.php(173): CodeIgniter\Filters\CSRF->before(Object(CodeIgniter\HTTP\IncomingRequest), NULL)
#3 C:\xampp\htdocs\Job Portal\system\CodeIgniter.php(386): CodeIgniter\Filters\Filters->run('dashboard_user/...', 'before')
#4 C:\xampp\htdocs\Job Portal\system\CodeIgniter.php(320): CodeIgniter\CodeIgniter->handleRequest(NULL, Object(Config\Cache), false)
#5 C:\xampp\htdocs\Job Portal\public\index.php(37): CodeIgniter\CodeIgniter->run()
#6 C:\xampp\htdocs\Job Portal\system\Commands\Server\rewrite.php(43): require_once('C:\\xampp\\htdocs...')
#7 {main}
CRITICAL - 2022-07-03 21:01:16 --> The action you requested is not allowed.
#0 C:\xampp\htdocs\Job Portal\system\Security\Security.php(289): CodeIgniter\Security\Exceptions\SecurityException::forDisallowedAction()
#1 C:\xampp\htdocs\Job Portal\system\Filters\CSRF.php(53): CodeIgniter\Security\Security->verify(Object(CodeIgniter\HTTP\IncomingRequest))
#2 C:\xampp\htdocs\Job Portal\system\Filters\Filters.php(173): CodeIgniter\Filters\CSRF->before(Object(CodeIgniter\HTTP\IncomingRequest), NULL)
#3 C:\xampp\htdocs\Job Portal\system\CodeIgniter.php(386): CodeIgniter\Filters\Filters->run('dashboard_user/...', 'before')
#4 C:\xampp\htdocs\Job Portal\system\CodeIgniter.php(320): CodeIgniter\CodeIgniter->handleRequest(NULL, Object(Config\Cache), false)
#5 C:\xampp\htdocs\Job Portal\public\index.php(37): CodeIgniter\CodeIgniter->run()
#6 C:\xampp\htdocs\Job Portal\system\Commands\Server\rewrite.php(43): require_once('C:\\xampp\\htdocs...')
#7 {main}
CRITICAL - 2022-07-03 21:01:16 --> The action you requested is not allowed.
#0 C:\xampp\htdocs\Job Portal\system\Security\Security.php(289): CodeIgniter\Security\Exceptions\SecurityException::forDisallowedAction()
#1 C:\xampp\htdocs\Job Portal\system\Filters\CSRF.php(53): CodeIgniter\Security\Security->verify(Object(CodeIgniter\HTTP\IncomingRequest))
#2 C:\xampp\htdocs\Job Portal\system\Filters\Filters.php(173): CodeIgniter\Filters\CSRF->before(Object(CodeIgniter\HTTP\IncomingRequest), NULL)
#3 C:\xampp\htdocs\Job Portal\system\CodeIgniter.php(386): CodeIgniter\Filters\Filters->run('dashboard_user/...', 'before')
#4 C:\xampp\htdocs\Job Portal\system\CodeIgniter.php(320): CodeIgniter\CodeIgniter->handleRequest(NULL, Object(Config\Cache), false)
#5 C:\xampp\htdocs\Job Portal\public\index.php(37): CodeIgniter\CodeIgniter->run()
#6 C:\xampp\htdocs\Job Portal\system\Commands\Server\rewrite.php(43): require_once('C:\\xampp\\htdocs...')
#7 {main}
CRITICAL - 2022-07-03 21:01:17 --> The action you requested is not allowed.
#0 C:\xampp\htdocs\Job Portal\system\Security\Security.php(289): CodeIgniter\Security\Exceptions\SecurityException::forDisallowedAction()
#1 C:\xampp\htdocs\Job Portal\system\Filters\CSRF.php(53): CodeIgniter\Security\Security->verify(Object(CodeIgniter\HTTP\IncomingRequest))
#2 C:\xampp\htdocs\Job Portal\system\Filters\Filters.php(173): CodeIgniter\Filters\CSRF->before(Object(CodeIgniter\HTTP\IncomingRequest), NULL)
#3 C:\xampp\htdocs\Job Portal\system\CodeIgniter.php(386): CodeIgniter\Filters\Filters->run('dashboard_user/...', 'before')
#4 C:\xampp\htdocs\Job Portal\system\CodeIgniter.php(320): CodeIgniter\CodeIgniter->handleRequest(NULL, Object(Config\Cache), false)
#5 C:\xampp\htdocs\Job Portal\public\index.php(37): CodeIgniter\CodeIgniter->run()
#6 C:\xampp\htdocs\Job Portal\system\Commands\Server\rewrite.php(43): require_once('C:\\xampp\\htdocs...')
#7 {main}
CRITICAL - 2022-07-03 21:01:17 --> The action you requested is not allowed.
#0 C:\xampp\htdocs\Job Portal\system\Security\Security.php(289): CodeIgniter\Security\Exceptions\SecurityException::forDisallowedAction()
#1 C:\xampp\htdocs\Job Portal\system\Filters\CSRF.php(53): CodeIgniter\Security\Security->verify(Object(CodeIgniter\HTTP\IncomingRequest))
#2 C:\xampp\htdocs\Job Portal\system\Filters\Filters.php(173): CodeIgniter\Filters\CSRF->before(Object(CodeIgniter\HTTP\IncomingRequest), NULL)
#3 C:\xampp\htdocs\Job Portal\system\CodeIgniter.php(386): CodeIgniter\Filters\Filters->run('dashboard_user/...', 'before')
#4 C:\xampp\htdocs\Job Portal\system\CodeIgniter.php(320): CodeIgniter\CodeIgniter->handleRequest(NULL, Object(Config\Cache), false)
#5 C:\xampp\htdocs\Job Portal\public\index.php(37): CodeIgniter\CodeIgniter->run()
#6 C:\xampp\htdocs\Job Portal\system\Commands\Server\rewrite.php(43): require_once('C:\\xampp\\htdocs...')
#7 {main}
CRITICAL - 2022-07-03 21:01:18 --> The action you requested is not allowed.
#0 C:\xampp\htdocs\Job Portal\system\Security\Security.php(289): CodeIgniter\Security\Exceptions\SecurityException::forDisallowedAction()
#1 C:\xampp\htdocs\Job Portal\system\Filters\CSRF.php(53): CodeIgniter\Security\Security->verify(Object(CodeIgniter\HTTP\IncomingRequest))
#2 C:\xampp\htdocs\Job Portal\system\Filters\Filters.php(173): CodeIgniter\Filters\CSRF->before(Object(CodeIgniter\HTTP\IncomingRequest), NULL)
#3 C:\xampp\htdocs\Job Portal\system\CodeIgniter.php(386): CodeIgniter\Filters\Filters->run('dashboard_user/...', 'before')
#4 C:\xampp\htdocs\Job Portal\system\CodeIgniter.php(320): CodeIgniter\CodeIgniter->handleRequest(NULL, Object(Config\Cache), false)
#5 C:\xampp\htdocs\Job Portal\public\index.php(37): CodeIgniter\CodeIgniter->run()
#6 C:\xampp\htdocs\Job Portal\system\Commands\Server\rewrite.php(43): require_once('C:\\xampp\\htdocs...')
#7 {main}
CRITICAL - 2022-07-03 21:01:19 --> The action you requested is not allowed.
#0 C:\xampp\htdocs\Job Portal\system\Security\Security.php(289): CodeIgniter\Security\Exceptions\SecurityException::forDisallowedAction()
#1 C:\xampp\htdocs\Job Portal\system\Filters\CSRF.php(53): CodeIgniter\Security\Security->verify(Object(CodeIgniter\HTTP\IncomingRequest))
#2 C:\xampp\htdocs\Job Portal\system\Filters\Filters.php(173): CodeIgniter\Filters\CSRF->before(Object(CodeIgniter\HTTP\IncomingRequest), NULL)
#3 C:\xampp\htdocs\Job Portal\system\CodeIgniter.php(386): CodeIgniter\Filters\Filters->run('dashboard_user/...', 'before')
#4 C:\xampp\htdocs\Job Portal\system\CodeIgniter.php(320): CodeIgniter\CodeIgniter->handleRequest(NULL, Object(Config\Cache), false)
#5 C:\xampp\htdocs\Job Portal\public\index.php(37): CodeIgniter\CodeIgniter->run()
#6 C:\xampp\htdocs\Job Portal\system\Commands\Server\rewrite.php(43): require_once('C:\\xampp\\htdocs...')
#7 {main}
CRITICAL - 2022-07-03 21:01:19 --> The action you requested is not allowed.
#0 C:\xampp\htdocs\Job Portal\system\Security\Security.php(289): CodeIgniter\Security\Exceptions\SecurityException::forDisallowedAction()
#1 C:\xampp\htdocs\Job Portal\system\Filters\CSRF.php(53): CodeIgniter\Security\Security->verify(Object(CodeIgniter\HTTP\IncomingRequest))
#2 C:\xampp\htdocs\Job Portal\system\Filters\Filters.php(173): CodeIgniter\Filters\CSRF->before(Object(CodeIgniter\HTTP\IncomingRequest), NULL)
#3 C:\xampp\htdocs\Job Portal\system\CodeIgniter.php(386): CodeIgniter\Filters\Filters->run('dashboard_user/...', 'before')
#4 C:\xampp\htdocs\Job Portal\system\CodeIgniter.php(320): CodeIgniter\CodeIgniter->handleRequest(NULL, Object(Config\Cache), false)
#5 C:\xampp\htdocs\Job Portal\public\index.php(37): CodeIgniter\CodeIgniter->run()
#6 C:\xampp\htdocs\Job Portal\system\Commands\Server\rewrite.php(43): require_once('C:\\xampp\\htdocs...')
#7 {main}
CRITICAL - 2022-07-03 21:01:20 --> The action you requested is not allowed.
#0 C:\xampp\htdocs\Job Portal\system\Security\Security.php(289): CodeIgniter\Security\Exceptions\SecurityException::forDisallowedAction()
#1 C:\xampp\htdocs\Job Portal\system\Filters\CSRF.php(53): CodeIgniter\Security\Security->verify(Object(CodeIgniter\HTTP\IncomingRequest))
#2 C:\xampp\htdocs\Job Portal\system\Filters\Filters.php(173): CodeIgniter\Filters\CSRF->before(Object(CodeIgniter\HTTP\IncomingRequest), NULL)
#3 C:\xampp\htdocs\Job Portal\system\CodeIgniter.php(386): CodeIgniter\Filters\Filters->run('dashboard_user/...', 'before')
#4 C:\xampp\htdocs\Job Portal\system\CodeIgniter.php(320): CodeIgniter\CodeIgniter->handleRequest(NULL, Object(Config\Cache), false)
#5 C:\xampp\htdocs\Job Portal\public\index.php(37): CodeIgniter\CodeIgniter->run()
#6 C:\xampp\htdocs\Job Portal\system\Commands\Server\rewrite.php(43): require_once('C:\\xampp\\htdocs...')
#7 {main}
CRITICAL - 2022-07-03 21:07:21 --> Illegal string offset 'score'
#0 C:\xampp\htdocs\Job Portal\app\Controllers\UserDashboard.php(124): CodeIgniter\Debug\Exceptions->errorHandler(2, 'Illegal string ...', 'C:\\xampp\\htdocs...', 124, Array)
#1 C:\xampp\htdocs\Job Portal\system\CodeIgniter.php(825): App\Controllers\UserDashboard->getEmail()
#2 C:\xampp\htdocs\Job Portal\system\CodeIgniter.php(412): CodeIgniter\CodeIgniter->runController(Object(App\Controllers\UserDashboard))
#3 C:\xampp\htdocs\Job Portal\system\CodeIgniter.php(320): CodeIgniter\CodeIgniter->handleRequest(NULL, Object(Config\Cache), false)
#4 C:\xampp\htdocs\Job Portal\public\index.php(37): CodeIgniter\CodeIgniter->run()
#5 C:\xampp\htdocs\Job Portal\system\Commands\Server\rewrite.php(43): require_once('C:\\xampp\\htdocs...')
#6 {main}
CRITICAL - 2022-07-03 21:08:05 --> Illegal string offset 'score'
#0 C:\xampp\htdocs\Job Portal\app\Controllers\UserDashboard.php(124): CodeIgniter\Debug\Exceptions->errorHandler(2, 'Illegal string ...', 'C:\\xampp\\htdocs...', 124, Array)
#1 C:\xampp\htdocs\Job Portal\system\CodeIgniter.php(825): App\Controllers\UserDashboard->getEmail()
#2 C:\xampp\htdocs\Job Portal\system\CodeIgniter.php(412): CodeIgniter\CodeIgniter->runController(Object(App\Controllers\UserDashboard))
#3 C:\xampp\htdocs\Job Portal\system\CodeIgniter.php(320): CodeIgniter\CodeIgniter->handleRequest(NULL, Object(Config\Cache), false)
#4 C:\xampp\htdocs\Job Portal\public\index.php(37): CodeIgniter\CodeIgniter->run()
#5 C:\xampp\htdocs\Job Portal\system\Commands\Server\rewrite.php(43): require_once('C:\\xampp\\htdocs...')
#6 {main}
CRITICAL - 2022-07-03 21:09:41 --> Illegal string offset 'score'
#0 C:\xampp\htdocs\Job Portal\app\Controllers\UserDashboard.php(125): CodeIgniter\Debug\Exceptions->errorHandler(2, 'Illegal string ...', 'C:\\xampp\\htdocs...', 125, Array)
#1 C:\xampp\htdocs\Job Portal\system\CodeIgniter.php(825): App\Controllers\UserDashboard->getEmail()
#2 C:\xampp\htdocs\Job Portal\system\CodeIgniter.php(412): CodeIgniter\CodeIgniter->runController(Object(App\Controllers\UserDashboard))
#3 C:\xampp\htdocs\Job Portal\system\CodeIgniter.php(320): CodeIgniter\CodeIgniter->handleRequest(NULL, Object(Config\Cache), false)
#4 C:\xampp\htdocs\Job Portal\public\index.php(37): CodeIgniter\CodeIgniter->run()
#5 C:\xampp\htdocs\Job Portal\system\Commands\Server\rewrite.php(43): require_once('C:\\xampp\\htdocs...')
#6 {main}
CRITICAL - 2022-07-03 21:25:39 --> The action you requested is not allowed.
#0 C:\xampp\htdocs\Job Portal\system\Security\Security.php(289): CodeIgniter\Security\Exceptions\SecurityException::forDisallowedAction()
#1 C:\xampp\htdocs\Job Portal\system\Filters\CSRF.php(53): CodeIgniter\Security\Security->verify(Object(CodeIgniter\HTTP\IncomingRequest))
#2 C:\xampp\htdocs\Job Portal\system\Filters\Filters.php(173): CodeIgniter\Filters\CSRF->before(Object(CodeIgniter\HTTP\IncomingRequest), NULL)
#3 C:\xampp\htdocs\Job Portal\system\CodeIgniter.php(386): CodeIgniter\Filters\Filters->run('dashboard_user/...', 'before')
#4 C:\xampp\htdocs\Job Portal\system\CodeIgniter.php(320): CodeIgniter\CodeIgniter->handleRequest(NULL, Object(Config\Cache), false)
#5 C:\xampp\htdocs\Job Portal\public\index.php(37): CodeIgniter\CodeIgniter->run()
#6 C:\xampp\htdocs\Job Portal\system\Commands\Server\rewrite.php(43): require_once('C:\\xampp\\htdocs...')
#7 {main}
